{"C:\\Users\\Ruben\\Documents\\Empresa\\proyecPaqEnhanced\\paqtrack_v2\\backend\\src\\index.js": {"path":"C:\\Users\\Ruben\\Documents\\Empresa\\proyecPaqEnhanced\\paqtrack_v2\\backend\\src\\index.js","statementMap":{"0":{"start":{"line":13,"column":15},"end":{"line":13,"column":24}},"1":{"start":{"line":15,"column":0},"end":{"line":21,"column":3}},"2":{"start":{"line":16,"column":2},"end":{"line":16,"column":49}},"3":{"start":{"line":17,"column":2},"end":{"line":17,"column":82}},"4":{"start":{"line":18,"column":2},"end":{"line":18,"column":87}},"5":{"start":{"line":19,"column":2},"end":{"line":19,"column":61}},"6":{"start":{"line":19,"column":32},"end":{"line":19,"column":61}},"7":{"start":{"line":20,"column":2},"end":{"line":20,"column":9}},"8":{"start":{"line":22,"column":0},"end":{"line":28,"column":4}},"9":{"start":{"line":23,"column":32},"end":{"line":23,"column":52}},"10":{"start":{"line":29,"column":0},"end":{"line":29,"column":28}},"11":{"start":{"line":30,"column":0},"end":{"line":30,"column":27}},"12":{"start":{"line":31,"column":0},"end":{"line":31,"column":85}},"13":{"start":{"line":31,"column":31},"end":{"line":31,"column":83}},"14":{"start":{"line":32,"column":0},"end":{"line":32,"column":36}},"15":{"start":{"line":33,"column":0},"end":{"line":33,"column":43}},"16":{"start":{"line":34,"column":0},"end":{"line":34,"column":44}},"17":{"start":{"line":35,"column":0},"end":{"line":35,"column":42}},"18":{"start":{"line":36,"column":0},"end":{"line":36,"column":36}},"19":{"start":{"line":38,"column":2},"end":{"line":50,"column":3}},"20":{"start":{"line":38,"column":15},"end":{"line":38,"column":16}},"21":{"start":{"line":39,"column":4},"end":{"line":49,"column":5}},"22":{"start":{"line":40,"column":19},"end":{"line":40,"column":45}},"23":{"start":{"line":41,"column":6},"end":{"line":41,"column":21}},"24":{"start":{"line":42,"column":6},"end":{"line":42,"column":35}},"25":{"start":{"line":43,"column":6},"end":{"line":43,"column":50}},"26":{"start":{"line":43,"column":29},"end":{"line":43,"column":48}},"27":{"start":{"line":44,"column":6},"end":{"line":44,"column":13}},"28":{"start":{"line":46,"column":6},"end":{"line":46,"column":67}},"29":{"start":{"line":47,"column":6},"end":{"line":47,"column":48}},"30":{"start":{"line":48,"column":6},"end":{"line":48,"column":50}},"31":{"start":{"line":48,"column":29},"end":{"line":48,"column":48}},"32":{"start":{"line":51,"column":2},"end":{"line":51,"column":49}},"33":{"start":{"line":52,"column":2},"end":{"line":52,"column":18}},"34":{"start":{"line":55,"column":2},"end":{"line":55,"column":23}},"35":{"start":{"line":56,"column":2},"end":{"line":56,"column":17}},"36":{"start":{"line":57,"column":2},"end":{"line":57,"column":27}},"37":{"start":{"line":58,"column":2},"end":{"line":58,"column":22}},"38":{"start":{"line":59,"column":2},"end":{"line":70,"column":5}},"39":{"start":{"line":60,"column":4},"end":{"line":60,"column":56}},"40":{"start":{"line":61,"column":4},"end":{"line":61,"column":41}},"41":{"start":{"line":62,"column":4},"end":{"line":62,"column":45}},"42":{"start":{"line":63,"column":4},"end":{"line":63,"column":46}},"43":{"start":{"line":64,"column":4},"end":{"line":64,"column":43}},"44":{"start":{"line":65,"column":4},"end":{"line":65,"column":43}},"45":{"start":{"line":66,"column":4},"end":{"line":66,"column":42}},"46":{"start":{"line":67,"column":4},"end":{"line":67,"column":55}},"47":{"start":{"line":68,"column":4},"end":{"line":68,"column":63}},"48":{"start":{"line":69,"column":4},"end":{"line":69,"column":62}},"49":{"start":{"line":74,"column":10},"end":{"line":74,"column":38}},"50":{"start":{"line":74,"column":44},"end":{"line":74,"column":56}},"51":{"start":{"line":75,"column":11},"end":{"line":77,"column":77}},"52":{"start":{"line":76,"column":2},"end":{"line":77,"column":77}},"53":{"start":{"line":76,"column":34},"end":{"line":76,"column":67}},"54":{"start":{"line":77,"column":34},"end":{"line":77,"column":67}},"55":{"start":{"line":78,"column":0},"end":{"line":87,"column":3}},"56":{"start":{"line":79,"column":21},"end":{"line":79,"column":67}},"57":{"start":{"line":80,"column":2},"end":{"line":85,"column":8}},"58":{"start":{"line":81,"column":4},"end":{"line":85,"column":8}},"59":{"start":{"line":81,"column":17},"end":{"line":81,"column":18}},"60":{"start":{"line":82,"column":6},"end":{"line":85,"column":8}},"61":{"start":{"line":86,"column":2},"end":{"line":86,"column":82}},"62":{"start":{"line":88,"column":0},"end":{"line":95,"column":3}},"63":{"start":{"line":89,"column":19},"end":{"line":93,"column":3}},"64":{"start":{"line":94,"column":2},"end":{"line":94,"column":50}},"65":{"start":{"line":96,"column":0},"end":{"line":105,"column":3}},"66":{"start":{"line":97,"column":21},"end":{"line":103,"column":3}},"67":{"start":{"line":104,"column":2},"end":{"line":104,"column":25}},"68":{"start":{"line":108,"column":0},"end":{"line":110,"column":1}},"69":{"start":{"line":109,"column":2},"end":{"line":109,"column":13}}},"fnMap":{"0":{"name":"(anonymous_0)","decl":{"start":{"line":15,"column":11},"end":{"line":15,"column":12}},"loc":{"start":{"line":15,"column":31},"end":{"line":21,"column":1}},"line":15},"1":{"name":"(anonymous_1)","decl":{"start":{"line":23,"column":10},"end":{"line":23,"column":11}},"loc":{"start":{"line":23,"column":32},"end":{"line":23,"column":52}},"line":23},"2":{"name":"(anonymous_2)","decl":{"start":{"line":31,"column":16},"end":{"line":31,"column":17}},"loc":{"start":{"line":31,"column":31},"end":{"line":31,"column":83}},"line":31},"3":{"name":"esperarMySQL","decl":{"start":{"line":37,"column":15},"end":{"line":37,"column":27}},"loc":{"start":{"line":37,"column":43},"end":{"line":53,"column":1}},"line":37},"4":{"name":"(anonymous_4)","decl":{"start":{"line":43,"column":24},"end":{"line":43,"column":25}},"loc":{"start":{"line":43,"column":29},"end":{"line":43,"column":48}},"line":43},"5":{"name":"(anonymous_5)","decl":{"start":{"line":48,"column":24},"end":{"line":48,"column":25}},"loc":{"start":{"line":48,"column":29},"end":{"line":48,"column":48}},"line":48},"6":{"name":"arrancar","decl":{"start":{"line":54,"column":15},"end":{"line":54,"column":23}},"loc":{"start":{"line":54,"column":26},"end":{"line":71,"column":1}},"line":54},"7":{"name":"(anonymous_7)","decl":{"start":{"line":59,"column":22},"end":{"line":59,"column":23}},"loc":{"start":{"line":59,"column":28},"end":{"line":70,"column":3}},"line":59},"8":{"name":"(anonymous_8)","decl":{"start":{"line":75,"column":11},"end":{"line":75,"column":12}},"loc":{"start":{"line":76,"column":2},"end":{"line":77,"column":77}},"line":76},"9":{"name":"(anonymous_9)","decl":{"start":{"line":76,"column":28},"end":{"line":76,"column":29}},"loc":{"start":{"line":76,"column":34},"end":{"line":76,"column":67}},"line":76},"10":{"name":"(anonymous_10)","decl":{"start":{"line":77,"column":28},"end":{"line":77,"column":29}},"loc":{"start":{"line":77,"column":34},"end":{"line":77,"column":67}},"line":77},"11":{"name":"(anonymous_11)","decl":{"start":{"line":78,"column":24},"end":{"line":78,"column":25}},"loc":{"start":{"line":78,"column":45},"end":{"line":87,"column":1}},"line":78},"12":{"name":"(anonymous_12)","decl":{"start":{"line":88,"column":26},"end":{"line":88,"column":27}},"loc":{"start":{"line":88,"column":47},"end":{"line":95,"column":1}},"line":88},"13":{"name":"(anonymous_13)","decl":{"start":{"line":96,"column":25},"end":{"line":96,"column":26}},"loc":{"start":{"line":96,"column":45},"end":{"line":105,"column":1}},"line":96}},"branchMap":{"0":{"loc":{"start":{"line":19,"column":2},"end":{"line":19,"column":61}},"type":"if","locations":[{"start":{"line":19,"column":2},"end":{"line":19,"column":61}},{"start":{},"end":{}}],"line":19},"1":{"loc":{"start":{"line":37,"column":28},"end":{"line":37,"column":41}},"type":"default-arg","locations":[{"start":{"line":37,"column":39},"end":{"line":37,"column":41}}],"line":37},"2":{"loc":{"start":{"line":108,"column":0},"end":{"line":110,"column":1}},"type":"if","locations":[{"start":{"line":108,"column":0},"end":{"line":110,"column":1}},{"start":{},"end":{}}],"line":108}},"s":{"0":2,"1":2,"2":36,"3":36,"4":36,"5":36,"6":0,"7":36,"8":2,"9":36,"10":2,"11":2,"12":2,"13":0,"14":2,"15":2,"16":2,"17":2,"18":2,"19":0,"20":0,"21":0,"22":0,"23":0,"24":0,"25":0,"26":0,"27":0,"28":0,"29":0,"30":0,"31":0,"32":0,"33":0,"34":0,"35":0,"36":0,"37":0,"38":0,"39":0,"40":0,"41":0,"42":0,"43":0,"44":0,"45":0,"46":0,"47":0,"48":0,"49":2,"50":2,"51":2,"52":0,"53":0,"54":0,"55":2,"56":0,"57":0,"58":0,"59":0,"60":0,"61":0,"62":2,"63":0,"64":0,"65":2,"66":0,"67":0,"68":2,"69":0},"f":{"0":36,"1":36,"2":0,"3":0,"4":0,"5":0,"6":0,"7":0,"8":0,"9":0,"10":0,"11":0,"12":0,"13":0},"b":{"0":[0,36],"1":[0],"2":[0,2]},"_coverageSchema":"1a1c01bbd47fc00a2c39e90264f33305004495a9","hash":"9022dab05d98693f5f30b3ea5ab425ef3b94ab16"}
,"C:\\Users\\Ruben\\Documents\\Empresa\\proyecPaqEnhanced\\paqtrack_v2\\backend\\src\\config\\db.init.js": {"path":"C:\\Users\\Ruben\\Documents\\Empresa\\proyecPaqEnhanced\\paqtrack_v2\\backend\\src\\config\\db.init.js","statementMap":{"0":{"start":{"line":4,"column":15},"end":{"line":4,"column":41}},"1":{"start":{"line":5,"column":2},"end":{"line":36,"column":3}},"2":{"start":{"line":6,"column":4},"end":{"line":12,"column":7}},"3":{"start":{"line":13,"column":4},"end":{"line":22,"column":7}},"4":{"start":{"line":23,"column":4},"end":{"line":32,"column":7}},"5":{"start":{"line":33,"column":4},"end":{"line":33,"column":50}},"6":{"start":{"line":35,"column":4},"end":{"line":35,"column":19}}},"fnMap":{"0":{"name":"initDB","decl":{"start":{"line":3,"column":22},"end":{"line":3,"column":28}},"loc":{"start":{"line":3,"column":31},"end":{"line":37,"column":1}},"line":3}},"branchMap":{},"s":{"0":0,"1":0,"2":0,"3":0,"4":0,"5":0,"6":0},"f":{"0":0},"b":{},"_coverageSchema":"1a1c01bbd47fc00a2c39e90264f33305004495a9","hash":"9c2ef943653b8045162bbaab41371f0215278561"}
,"C:\\Users\\Ruben\\Documents\\Empresa\\proyecPaqEnhanced\\paqtrack_v2\\backend\\src\\controllers\\auth.controller.js": {"path":"C:\\Users\\Ruben\\Documents\\Empresa\\proyecPaqEnhanced\\paqtrack_v2\\backend\\src\\controllers\\auth.controller.js","statementMap":{"0":{"start":{"line":7,"column":19},"end":{"line":7,"column":82}},"1":{"start":{"line":8,"column":19},"end":{"line":8,"column":23}},"2":{"start":{"line":12,"column":21},"end":{"line":65,"column":1}},"3":{"start":{"line":13,"column":33},"end":{"line":13,"column":41}},"4":{"start":{"line":15,"column":2},"end":{"line":16,"column":85}},"5":{"start":{"line":16,"column":4},"end":{"line":16,"column":85}},"6":{"start":{"line":18,"column":2},"end":{"line":64,"column":3}},"7":{"start":{"line":20,"column":19},"end":{"line":26,"column":5}},"8":{"start":{"line":30,"column":4},"end":{"line":31,"column":75}},"9":{"start":{"line":31,"column":6},"end":{"line":31,"column":75}},"10":{"start":{"line":33,"column":20},"end":{"line":33,"column":27}},"11":{"start":{"line":36,"column":21},"end":{"line":36,"column":73}},"12":{"start":{"line":37,"column":4},"end":{"line":38,"column":75}},"13":{"start":{"line":38,"column":6},"end":{"line":38,"column":75}},"14":{"start":{"line":42,"column":20},"end":{"line":47,"column":5}},"15":{"start":{"line":49,"column":18},"end":{"line":49,"column":70}},"16":{"start":{"line":51,"column":4},"end":{"line":59,"column":7}},"17":{"start":{"line":62,"column":4},"end":{"line":62,"column":42}},"18":{"start":{"line":63,"column":4},"end":{"line":63,"column":75}},"19":{"start":{"line":69,"column":22},"end":{"line":91,"column":1}},"20":{"start":{"line":70,"column":2},"end":{"line":90,"column":3}},"21":{"start":{"line":72,"column":19},"end":{"line":80,"column":5}},"22":{"start":{"line":82,"column":4},"end":{"line":83,"column":72}},"23":{"start":{"line":83,"column":6},"end":{"line":83,"column":72}},"24":{"start":{"line":85,"column":4},"end":{"line":85,"column":54}},"25":{"start":{"line":88,"column":4},"end":{"line":88,"column":43}},"26":{"start":{"line":89,"column":4},"end":{"line":89,"column":75}}},"fnMap":{"0":{"name":"(anonymous_0)","decl":{"start":{"line":12,"column":21},"end":{"line":12,"column":22}},"loc":{"start":{"line":12,"column":41},"end":{"line":65,"column":1}},"line":12},"1":{"name":"(anonymous_1)","decl":{"start":{"line":69,"column":22},"end":{"line":69,"column":23}},"loc":{"start":{"line":69,"column":42},"end":{"line":91,"column":1}},"line":69}},"branchMap":{"0":{"loc":{"start":{"line":7,"column":19},"end":{"line":7,"column":82}},"type":"binary-expr","locations":[{"start":{"line":7,"column":19},"end":{"line":7,"column":41}},{"start":{"line":7,"column":45},"end":{"line":7,"column":82}}],"line":7},"1":{"loc":{"start":{"line":15,"column":2},"end":{"line":16,"column":85}},"type":"if","locations":[{"start":{"line":15,"column":2},"end":{"line":16,"column":85}},{"start":{},"end":{}}],"line":15},"2":{"loc":{"start":{"line":15,"column":6},"end":{"line":15,"column":28}},"type":"binary-expr","locations":[{"start":{"line":15,"column":6},"end":{"line":15,"column":13}},{"start":{"line":15,"column":17},"end":{"line":15,"column":28}}],"line":15},"3":{"loc":{"start":{"line":30,"column":4},"end":{"line":31,"column":75}},"type":"if","locations":[{"start":{"line":30,"column":4},"end":{"line":31,"column":75}},{"start":{},"end":{}}],"line":30},"4":{"loc":{"start":{"line":37,"column":4},"end":{"line":38,"column":75}},"type":"if","locations":[{"start":{"line":37,"column":4},"end":{"line":38,"column":75}},{"start":{},"end":{}}],"line":37},"5":{"loc":{"start":{"line":82,"column":4},"end":{"line":83,"column":72}},"type":"if","locations":[{"start":{"line":82,"column":4},"end":{"line":83,"column":72}},{"start":{},"end":{}}],"line":82}},"s":{"0":2,"1":2,"2":2,"3":13,"4":13,"5":1,"6":12,"7":12,"8":12,"9":1,"10":11,"11":11,"12":11,"13":1,"14":10,"15":10,"16":10,"17":0,"18":0,"19":2,"20":1,"21":1,"22":1,"23":0,"24":1,"25":0,"26":0},"f":{"0":13,"1":1},"b":{"0":[2,2],"1":[1,12],"2":[13,12],"3":[1,11],"4":[1,10],"5":[0,1]},"_coverageSchema":"1a1c01bbd47fc00a2c39e90264f33305004495a9","hash":"751ddf8e6038309e28db80395aca3296c559cb73"}
,"C:\\Users\\Ruben\\Documents\\Empresa\\proyecPaqEnhanced\\paqtrack_v2\\backend\\src\\controllers\\empresa.controller.js": {"path":"C:\\Users\\Ruben\\Documents\\Empresa\\proyecPaqEnhanced\\paqtrack_v2\\backend\\src\\controllers\\empresa.controller.js","statementMap":{"0":{"start":{"line":4,"column":22},"end":{"line":16,"column":1}},"1":{"start":{"line":5,"column":2},"end":{"line":15,"column":3}},"2":{"start":{"line":6,"column":4},"end":{"line":12,"column":5}},"3":{"start":{"line":7,"column":21},"end":{"line":7,"column":62}},"4":{"start":{"line":8,"column":6},"end":{"line":8,"column":54}},"5":{"start":{"line":10,"column":21},"end":{"line":10,"column":109}},"6":{"start":{"line":11,"column":6},"end":{"line":11,"column":54}},"7":{"start":{"line":14,"column":4},"end":{"line":14,"column":75}},"8":{"start":{"line":18,"column":23},"end":{"line":37,"column":1}},"9":{"start":{"line":19,"column":2},"end":{"line":36,"column":3}},"10":{"start":{"line":20,"column":19},"end":{"line":20,"column":29}},"11":{"start":{"line":22,"column":19},"end":{"line":22,"column":83}},"12":{"start":{"line":24,"column":4},"end":{"line":26,"column":5}},"13":{"start":{"line":25,"column":6},"end":{"line":25,"column":72}},"14":{"start":{"line":28,"column":4},"end":{"line":30,"column":5}},"15":{"start":{"line":29,"column":6},"end":{"line":29,"column":82}},"16":{"start":{"line":32,"column":4},"end":{"line":32,"column":54}},"17":{"start":{"line":34,"column":19},"end":{"line":34,"column":20}},"18":{"start":{"line":35,"column":4},"end":{"line":35,"column":75}},"19":{"start":{"line":39,"column":22},"end":{"line":69,"column":1}},"20":{"start":{"line":40,"column":2},"end":{"line":68,"column":3}},"21":{"start":{"line":41,"column":33},"end":{"line":41,"column":41}},"22":{"start":{"line":43,"column":4},"end":{"line":45,"column":5}},"23":{"start":{"line":44,"column":6},"end":{"line":44,"column":75}},"24":{"start":{"line":47,"column":21},"end":{"line":47,"column":102}},"25":{"start":{"line":48,"column":4},"end":{"line":50,"column":5}},"26":{"start":{"line":49,"column":6},"end":{"line":49,"column":87}},"27":{"start":{"line":52,"column":21},"end":{"line":55,"column":5}},"28":{"start":{"line":57,"column":4},"end":{"line":64,"column":7}},"29":{"start":{"line":67,"column":4},"end":{"line":67,"column":75}},"30":{"start":{"line":71,"column":22},"end":{"line":115,"column":1}},"31":{"start":{"line":72,"column":2},"end":{"line":114,"column":3}},"32":{"start":{"line":73,"column":19},"end":{"line":73,"column":29}},"33":{"start":{"line":74,"column":33},"end":{"line":74,"column":41}},"34":{"start":{"line":76,"column":4},"end":{"line":78,"column":5}},"35":{"start":{"line":77,"column":6},"end":{"line":77,"column":88}},"36":{"start":{"line":80,"column":19},"end":{"line":80,"column":91}},"37":{"start":{"line":81,"column":4},"end":{"line":83,"column":5}},"38":{"start":{"line":82,"column":6},"end":{"line":82,"column":72}},"39":{"start":{"line":85,"column":4},"end":{"line":93,"column":5}},"40":{"start":{"line":86,"column":26},"end":{"line":89,"column":7}},"41":{"start":{"line":90,"column":6},"end":{"line":92,"column":7}},"42":{"start":{"line":91,"column":8},"end":{"line":91,"column":89}},"43":{"start":{"line":95,"column":19},"end":{"line":95,"column":21}},"44":{"start":{"line":96,"column":19},"end":{"line":96,"column":21}},"45":{"start":{"line":98,"column":4},"end":{"line":101,"column":5}},"46":{"start":{"line":99,"column":6},"end":{"line":99,"column":32}},"47":{"start":{"line":100,"column":6},"end":{"line":100,"column":26}},"48":{"start":{"line":102,"column":4},"end":{"line":105,"column":5}},"49":{"start":{"line":103,"column":6},"end":{"line":103,"column":34}},"50":{"start":{"line":104,"column":6},"end":{"line":104,"column":28}},"51":{"start":{"line":107,"column":4},"end":{"line":107,"column":20}},"52":{"start":{"line":108,"column":4},"end":{"line":108,"column":89}},"53":{"start":{"line":110,"column":4},"end":{"line":110,"column":82}},"54":{"start":{"line":113,"column":4},"end":{"line":113,"column":75}},"55":{"start":{"line":117,"column":22},"end":{"line":143,"column":1}},"56":{"start":{"line":118,"column":2},"end":{"line":142,"column":3}},"57":{"start":{"line":119,"column":19},"end":{"line":119,"column":29}},"58":{"start":{"line":121,"column":19},"end":{"line":121,"column":91}},"59":{"start":{"line":122,"column":4},"end":{"line":124,"column":5}},"60":{"start":{"line":123,"column":6},"end":{"line":123,"column":72}},"61":{"start":{"line":126,"column":23},"end":{"line":126,"column":117}},"62":{"start":{"line":127,"column":4},"end":{"line":129,"column":5}},"63":{"start":{"line":128,"column":6},"end":{"line":128,"column":112}},"64":{"start":{"line":131,"column":28},"end":{"line":131,"column":85}},"65":{"start":{"line":132,"column":4},"end":{"line":134,"column":5}},"66":{"start":{"line":133,"column":6},"end":{"line":133,"column":98}},"67":{"start":{"line":136,"column":4},"end":{"line":136,"column":67}},"68":{"start":{"line":138,"column":4},"end":{"line":138,"column":80}},"69":{"start":{"line":141,"column":4},"end":{"line":141,"column":75}}},"fnMap":{"0":{"name":"(anonymous_0)","decl":{"start":{"line":4,"column":22},"end":{"line":4,"column":23}},"loc":{"start":{"line":4,"column":42},"end":{"line":16,"column":1}},"line":4},"1":{"name":"(anonymous_1)","decl":{"start":{"line":18,"column":23},"end":{"line":18,"column":24}},"loc":{"start":{"line":18,"column":43},"end":{"line":37,"column":1}},"line":18},"2":{"name":"(anonymous_2)","decl":{"start":{"line":39,"column":22},"end":{"line":39,"column":23}},"loc":{"start":{"line":39,"column":42},"end":{"line":69,"column":1}},"line":39},"3":{"name":"(anonymous_3)","decl":{"start":{"line":71,"column":22},"end":{"line":71,"column":23}},"loc":{"start":{"line":71,"column":42},"end":{"line":115,"column":1}},"line":71},"4":{"name":"(anonymous_4)","decl":{"start":{"line":117,"column":22},"end":{"line":117,"column":23}},"loc":{"start":{"line":117,"column":42},"end":{"line":143,"column":1}},"line":117}},"branchMap":{"0":{"loc":{"start":{"line":6,"column":4},"end":{"line":12,"column":5}},"type":"if","locations":[{"start":{"line":6,"column":4},"end":{"line":12,"column":5}},{"start":{"line":9,"column":11},"end":{"line":12,"column":5}}],"line":6},"1":{"loc":{"start":{"line":24,"column":4},"end":{"line":26,"column":5}},"type":"if","locations":[{"start":{"line":24,"column":4},"end":{"line":26,"column":5}},{"start":{},"end":{}}],"line":24},"2":{"loc":{"start":{"line":28,"column":4},"end":{"line":30,"column":5}},"type":"if","locations":[{"start":{"line":28,"column":4},"end":{"line":30,"column":5}},{"start":{},"end":{}}],"line":28},"3":{"loc":{"start":{"line":28,"column":8},"end":{"line":28,"column":89}},"type":"binary-expr","locations":[{"start":{"line":28,"column":8},"end":{"line":28,"column":40}},{"start":{"line":28,"column":44},"end":{"line":28,"column":89}}],"line":28},"4":{"loc":{"start":{"line":43,"column":4},"end":{"line":45,"column":5}},"type":"if","locations":[{"start":{"line":43,"column":4},"end":{"line":45,"column":5}},{"start":{},"end":{}}],"line":43},"5":{"loc":{"start":{"line":48,"column":4},"end":{"line":50,"column":5}},"type":"if","locations":[{"start":{"line":48,"column":4},"end":{"line":50,"column":5}},{"start":{},"end":{}}],"line":48},"6":{"loc":{"start":{"line":54,"column":15},"end":{"line":54,"column":31}},"type":"binary-expr","locations":[{"start":{"line":54,"column":15},"end":{"line":54,"column":23}},{"start":{"line":54,"column":27},"end":{"line":54,"column":31}}],"line":54},"7":{"loc":{"start":{"line":62,"column":18},"end":{"line":62,"column":34}},"type":"binary-expr","locations":[{"start":{"line":62,"column":18},"end":{"line":62,"column":26}},{"start":{"line":62,"column":30},"end":{"line":62,"column":34}}],"line":62},"8":{"loc":{"start":{"line":76,"column":4},"end":{"line":78,"column":5}},"type":"if","locations":[{"start":{"line":76,"column":4},"end":{"line":78,"column":5}},{"start":{},"end":{}}],"line":76},"9":{"loc":{"start":{"line":76,"column":8},"end":{"line":76,"column":28}},"type":"binary-expr","locations":[{"start":{"line":76,"column":8},"end":{"line":76,"column":15}},{"start":{"line":76,"column":19},"end":{"line":76,"column":28}}],"line":76},"10":{"loc":{"start":{"line":81,"column":4},"end":{"line":83,"column":5}},"type":"if","locations":[{"start":{"line":81,"column":4},"end":{"line":83,"column":5}},{"start":{},"end":{}}],"line":81},"11":{"loc":{"start":{"line":85,"column":4},"end":{"line":93,"column":5}},"type":"if","locations":[{"start":{"line":85,"column":4},"end":{"line":93,"column":5}},{"start":{},"end":{}}],"line":85},"12":{"loc":{"start":{"line":90,"column":6},"end":{"line":92,"column":7}},"type":"if","locations":[{"start":{"line":90,"column":6},"end":{"line":92,"column":7}},{"start":{},"end":{}}],"line":90},"13":{"loc":{"start":{"line":98,"column":4},"end":{"line":101,"column":5}},"type":"if","locations":[{"start":{"line":98,"column":4},"end":{"line":101,"column":5}},{"start":{},"end":{}}],"line":98},"14":{"loc":{"start":{"line":102,"column":4},"end":{"line":105,"column":5}},"type":"if","locations":[{"start":{"line":102,"column":4},"end":{"line":105,"column":5}},{"start":{},"end":{}}],"line":102},"15":{"loc":{"start":{"line":122,"column":4},"end":{"line":124,"column":5}},"type":"if","locations":[{"start":{"line":122,"column":4},"end":{"line":124,"column":5}},{"start":{},"end":{}}],"line":122},"16":{"loc":{"start":{"line":127,"column":4},"end":{"line":129,"column":5}},"type":"if","locations":[{"start":{"line":127,"column":4},"end":{"line":129,"column":5}},{"start":{},"end":{}}],"line":127},"17":{"loc":{"start":{"line":132,"column":4},"end":{"line":134,"column":5}},"type":"if","locations":[{"start":{"line":132,"column":4},"end":{"line":134,"column":5}},{"start":{},"end":{}}],"line":132}},"s":{"0":2,"1":0,"2":0,"3":0,"4":0,"5":0,"6":0,"7":0,"8":2,"9":0,"10":0,"11":0,"12":0,"13":0,"14":0,"15":0,"16":0,"17":0,"18":0,"19":2,"20":0,"21":0,"22":0,"23":0,"24":0,"25":0,"26":0,"27":0,"28":0,"29":0,"30":2,"31":0,"32":0,"33":0,"34":0,"35":0,"36":0,"37":0,"38":0,"39":0,"40":0,"41":0,"42":0,"43":0,"44":0,"45":0,"46":0,"47":0,"48":0,"49":0,"50":0,"51":0,"52":0,"53":0,"54":0,"55":2,"56":0,"57":0,"58":0,"59":0,"60":0,"61":0,"62":0,"63":0,"64":0,"65":0,"66":0,"67":0,"68":0,"69":0},"f":{"0":0,"1":0,"2":0,"3":0,"4":0},"b":{"0":[0,0],"1":[0,0],"2":[0,0],"3":[0,0],"4":[0,0],"5":[0,0],"6":[0,0],"7":[0,0],"8":[0,0],"9":[0,0],"10":[0,0],"11":[0,0],"12":[0,0],"13":[0,0],"14":[0,0],"15":[0,0],"16":[0,0],"17":[0,0]},"_coverageSchema":"1a1c01bbd47fc00a2c39e90264f33305004495a9","hash":"a32e3d8161c83a741cd168647b2345dc51f70f39"}
,"C:\\Users\\Ruben\\Documents\\Empresa\\proyecPaqEnhanced\\paqtrack_v2\\backend\\src\\controllers\\salidas.controller.js": {"path":"C:\\Users\\Ruben\\Documents\\Empresa\\proyecPaqEnhanced\\paqtrack_v2\\backend\\src\\controllers\\salidas.controller.js","statementMap":{"0":{"start":{"line":4,"column":23},"end":{"line":73,"column":1}},"1":{"start":{"line":5,"column":2},"end":{"line":72,"column":3}},"2":{"start":{"line":6,"column":72},"end":{"line":6,"column":81}},"3":{"start":{"line":7,"column":19},"end":{"line":7,"column":50}},"4":{"start":{"line":8,"column":19},"end":{"line":8,"column":51}},"5":{"start":{"line":9,"column":19},"end":{"line":9,"column":40}},"6":{"start":{"line":10,"column":24},"end":{"line":10,"column":26}},"7":{"start":{"line":11,"column":19},"end":{"line":11,"column":21}},"8":{"start":{"line":13,"column":4},"end":{"line":16,"column":5}},"9":{"start":{"line":14,"column":6},"end":{"line":14,"column":47}},"10":{"start":{"line":15,"column":6},"end":{"line":15,"column":37}},"11":{"start":{"line":17,"column":4},"end":{"line":20,"column":5}},"12":{"start":{"line":18,"column":6},"end":{"line":18,"column":47}},"13":{"start":{"line":19,"column":6},"end":{"line":19,"column":44}},"14":{"start":{"line":21,"column":4},"end":{"line":24,"column":5}},"15":{"start":{"line":22,"column":6},"end":{"line":22,"column":43}},"16":{"start":{"line":23,"column":6},"end":{"line":23,"column":40}},"17":{"start":{"line":25,"column":4},"end":{"line":28,"column":5}},"18":{"start":{"line":26,"column":6},"end":{"line":26,"column":49}},"19":{"start":{"line":27,"column":6},"end":{"line":27,"column":40}},"20":{"start":{"line":29,"column":4},"end":{"line":32,"column":5}},"21":{"start":{"line":30,"column":6},"end":{"line":30,"column":58}},"22":{"start":{"line":31,"column":6},"end":{"line":31,"column":25}},"23":{"start":{"line":33,"column":4},"end":{"line":36,"column":5}},"24":{"start":{"line":34,"column":6},"end":{"line":34,"column":58}},"25":{"start":{"line":35,"column":6},"end":{"line":35,"column":25}},"26":{"start":{"line":38,"column":18},"end":{"line":38,"column":84}},"27":{"start":{"line":40,"column":22},"end":{"line":43,"column":5}},"28":{"start":{"line":44,"column":18},"end":{"line":44,"column":34}},"29":{"start":{"line":46,"column":19},"end":{"line":60,"column":5}},"30":{"start":{"line":62,"column":4},"end":{"line":68,"column":7}},"31":{"start":{"line":70,"column":4},"end":{"line":70,"column":51}},"32":{"start":{"line":71,"column":4},"end":{"line":71,"column":75}},"33":{"start":{"line":75,"column":23},"end":{"line":102,"column":1}},"34":{"start":{"line":76,"column":2},"end":{"line":101,"column":3}},"35":{"start":{"line":77,"column":19},"end":{"line":77,"column":29}},"36":{"start":{"line":78,"column":19},"end":{"line":90,"column":5}},"37":{"start":{"line":91,"column":4},"end":{"line":92,"column":71}},"38":{"start":{"line":92,"column":6},"end":{"line":92,"column":71}},"39":{"start":{"line":93,"column":4},"end":{"line":96,"column":5}},"40":{"start":{"line":94,"column":6},"end":{"line":95,"column":83}},"41":{"start":{"line":95,"column":8},"end":{"line":95,"column":83}},"42":{"start":{"line":97,"column":4},"end":{"line":97,"column":53}},"43":{"start":{"line":99,"column":4},"end":{"line":99,"column":51}},"44":{"start":{"line":100,"column":4},"end":{"line":100,"column":75}},"45":{"start":{"line":104,"column":31},"end":{"line":139,"column":1}},"46":{"start":{"line":105,"column":2},"end":{"line":138,"column":3}},"47":{"start":{"line":106,"column":29},"end":{"line":106,"column":39}},"48":{"start":{"line":107,"column":24},"end":{"line":107,"column":47}},"49":{"start":{"line":108,"column":19},"end":{"line":108,"column":33}},"50":{"start":{"line":109,"column":4},"end":{"line":112,"column":5}},"51":{"start":{"line":110,"column":6},"end":{"line":110,"column":47}},"52":{"start":{"line":111,"column":6},"end":{"line":111,"column":37}},"53":{"start":{"line":113,"column":18},"end":{"line":113,"column":54}},"54":{"start":{"line":114,"column":19},"end":{"line":127,"column":5}},"55":{"start":{"line":128,"column":4},"end":{"line":129,"column":104}},"56":{"start":{"line":129,"column":6},"end":{"line":129,"column":104}},"57":{"start":{"line":130,"column":4},"end":{"line":134,"column":7}},"58":{"start":{"line":136,"column":4},"end":{"line":136,"column":52}},"59":{"start":{"line":137,"column":4},"end":{"line":137,"column":75}},"60":{"start":{"line":141,"column":22},"end":{"line":176,"column":1}},"61":{"start":{"line":142,"column":2},"end":{"line":175,"column":3}},"62":{"start":{"line":143,"column":56},"end":{"line":143,"column":64}},"63":{"start":{"line":144,"column":4},"end":{"line":145,"column":94}},"64":{"start":{"line":145,"column":6},"end":{"line":145,"column":94}},"65":{"start":{"line":148,"column":4},"end":{"line":154,"column":5}},"66":{"start":{"line":149,"column":6},"end":{"line":149,"column":50}},"67":{"start":{"line":151,"column":6},"end":{"line":151,"column":47}},"68":{"start":{"line":152,"column":6},"end":{"line":153,"column":82}},"69":{"start":{"line":153,"column":8},"end":{"line":153,"column":82}},"70":{"start":{"line":156,"column":18},"end":{"line":156,"column":44}},"71":{"start":{"line":157,"column":21},"end":{"line":161,"column":5}},"72":{"start":{"line":162,"column":4},"end":{"line":171,"column":7}},"73":{"start":{"line":173,"column":4},"end":{"line":173,"column":50}},"74":{"start":{"line":174,"column":4},"end":{"line":174,"column":75}},"75":{"start":{"line":178,"column":22},"end":{"line":193,"column":1}},"76":{"start":{"line":179,"column":2},"end":{"line":192,"column":3}},"77":{"start":{"line":180,"column":19},"end":{"line":180,"column":29}},"78":{"start":{"line":181,"column":19},"end":{"line":184,"column":5}},"79":{"start":{"line":185,"column":4},"end":{"line":186,"column":71}},"80":{"start":{"line":186,"column":6},"end":{"line":186,"column":71}},"81":{"start":{"line":187,"column":4},"end":{"line":187,"column":67}},"82":{"start":{"line":188,"column":4},"end":{"line":188,"column":79}},"83":{"start":{"line":190,"column":4},"end":{"line":190,"column":50}},"84":{"start":{"line":191,"column":4},"end":{"line":191,"column":75}},"85":{"start":{"line":195,"column":28},"end":{"line":255,"column":1}},"86":{"start":{"line":196,"column":2},"end":{"line":254,"column":3}},"87":{"start":{"line":197,"column":29},"end":{"line":197,"column":38}},"88":{"start":{"line":198,"column":24},"end":{"line":198,"column":26}},"89":{"start":{"line":199,"column":19},"end":{"line":199,"column":21}},"90":{"start":{"line":201,"column":4},"end":{"line":204,"column":5}},"91":{"start":{"line":202,"column":6},"end":{"line":202,"column":47}},"92":{"start":{"line":203,"column":6},"end":{"line":203,"column":37}},"93":{"start":{"line":205,"column":4},"end":{"line":208,"column":5}},"94":{"start":{"line":206,"column":6},"end":{"line":206,"column":58}},"95":{"start":{"line":207,"column":6},"end":{"line":207,"column":25}},"96":{"start":{"line":209,"column":4},"end":{"line":212,"column":5}},"97":{"start":{"line":210,"column":6},"end":{"line":210,"column":58}},"98":{"start":{"line":211,"column":6},"end":{"line":211,"column":25}},"99":{"start":{"line":214,"column":18},"end":{"line":214,"column":84}},"100":{"start":{"line":216,"column":24},"end":{"line":219,"column":5}},"101":{"start":{"line":220,"column":24},"end":{"line":226,"column":5}},"102":{"start":{"line":227,"column":25},"end":{"line":235,"column":5}},"103":{"start":{"line":236,"column":21},"end":{"line":243,"column":5}},"104":{"start":{"line":245,"column":4},"end":{"line":250,"column":7}},"105":{"start":{"line":252,"column":4},"end":{"line":252,"column":49}},"106":{"start":{"line":253,"column":4},"end":{"line":253,"column":75}}},"fnMap":{"0":{"name":"(anonymous_0)","decl":{"start":{"line":4,"column":23},"end":{"line":4,"column":24}},"loc":{"start":{"line":4,"column":43},"end":{"line":73,"column":1}},"line":4},"1":{"name":"(anonymous_1)","decl":{"start":{"line":75,"column":23},"end":{"line":75,"column":24}},"loc":{"start":{"line":75,"column":43},"end":{"line":102,"column":1}},"line":75},"2":{"name":"(anonymous_2)","decl":{"start":{"line":104,"column":31},"end":{"line":104,"column":32}},"loc":{"start":{"line":104,"column":51},"end":{"line":139,"column":1}},"line":104},"3":{"name":"(anonymous_3)","decl":{"start":{"line":141,"column":22},"end":{"line":141,"column":23}},"loc":{"start":{"line":141,"column":42},"end":{"line":176,"column":1}},"line":141},"4":{"name":"(anonymous_4)","decl":{"start":{"line":178,"column":22},"end":{"line":178,"column":23}},"loc":{"start":{"line":178,"column":42},"end":{"line":193,"column":1}},"line":178},"5":{"name":"(anonymous_5)","decl":{"start":{"line":195,"column":28},"end":{"line":195,"column":29}},"loc":{"start":{"line":195,"column":48},"end":{"line":255,"column":1}},"line":195}},"branchMap":{"0":{"loc":{"start":{"line":7,"column":19},"end":{"line":7,"column":50}},"type":"binary-expr","locations":[{"start":{"line":7,"column":19},"end":{"line":7,"column":45}},{"start":{"line":7,"column":49},"end":{"line":7,"column":50}}],"line":7},"1":{"loc":{"start":{"line":8,"column":19},"end":{"line":8,"column":51}},"type":"binary-expr","locations":[{"start":{"line":8,"column":19},"end":{"line":8,"column":45}},{"start":{"line":8,"column":49},"end":{"line":8,"column":51}}],"line":8},"2":{"loc":{"start":{"line":13,"column":4},"end":{"line":16,"column":5}},"type":"if","locations":[{"start":{"line":13,"column":4},"end":{"line":16,"column":5}},{"start":{},"end":{}}],"line":13},"3":{"loc":{"start":{"line":17,"column":4},"end":{"line":20,"column":5}},"type":"if","locations":[{"start":{"line":17,"column":4},"end":{"line":20,"column":5}},{"start":{},"end":{}}],"line":17},"4":{"loc":{"start":{"line":17,"column":8},"end":{"line":17,"column":52}},"type":"binary-expr","locations":[{"start":{"line":17,"column":8},"end":{"line":17,"column":22}},{"start":{"line":17,"column":26},"end":{"line":17,"column":52}}],"line":17},"5":{"loc":{"start":{"line":21,"column":4},"end":{"line":24,"column":5}},"type":"if","locations":[{"start":{"line":21,"column":4},"end":{"line":24,"column":5}},{"start":{},"end":{}}],"line":21},"6":{"loc":{"start":{"line":25,"column":4},"end":{"line":28,"column":5}},"type":"if","locations":[{"start":{"line":25,"column":4},"end":{"line":28,"column":5}},{"start":{},"end":{}}],"line":25},"7":{"loc":{"start":{"line":29,"column":4},"end":{"line":32,"column":5}},"type":"if","locations":[{"start":{"line":29,"column":4},"end":{"line":32,"column":5}},{"start":{},"end":{}}],"line":29},"8":{"loc":{"start":{"line":33,"column":4},"end":{"line":36,"column":5}},"type":"if","locations":[{"start":{"line":33,"column":4},"end":{"line":36,"column":5}},{"start":{},"end":{}}],"line":33},"9":{"loc":{"start":{"line":38,"column":18},"end":{"line":38,"column":84}},"type":"cond-expr","locations":[{"start":{"line":38,"column":43},"end":{"line":38,"column":79}},{"start":{"line":38,"column":82},"end":{"line":38,"column":84}}],"line":38},"10":{"loc":{"start":{"line":91,"column":4},"end":{"line":92,"column":71}},"type":"if","locations":[{"start":{"line":91,"column":4},"end":{"line":92,"column":71}},{"start":{},"end":{}}],"line":91},"11":{"loc":{"start":{"line":93,"column":4},"end":{"line":96,"column":5}},"type":"if","locations":[{"start":{"line":93,"column":4},"end":{"line":96,"column":5}},{"start":{},"end":{}}],"line":93},"12":{"loc":{"start":{"line":94,"column":6},"end":{"line":95,"column":83}},"type":"if","locations":[{"start":{"line":94,"column":6},"end":{"line":95,"column":83}},{"start":{},"end":{}}],"line":94},"13":{"loc":{"start":{"line":109,"column":4},"end":{"line":112,"column":5}},"type":"if","locations":[{"start":{"line":109,"column":4},"end":{"line":112,"column":5}},{"start":{},"end":{}}],"line":109},"14":{"loc":{"start":{"line":128,"column":4},"end":{"line":129,"column":104}},"type":"if","locations":[{"start":{"line":128,"column":4},"end":{"line":129,"column":104}},{"start":{},"end":{}}],"line":128},"15":{"loc":{"start":{"line":144,"column":4},"end":{"line":145,"column":94}},"type":"if","locations":[{"start":{"line":144,"column":4},"end":{"line":145,"column":94}},{"start":{},"end":{}}],"line":144},"16":{"loc":{"start":{"line":144,"column":8},"end":{"line":144,"column":37}},"type":"binary-expr","locations":[{"start":{"line":144,"column":8},"end":{"line":144,"column":19}},{"start":{"line":144,"column":23},"end":{"line":144,"column":37}}],"line":144},"17":{"loc":{"start":{"line":148,"column":4},"end":{"line":154,"column":5}},"type":"if","locations":[{"start":{"line":148,"column":4},"end":{"line":154,"column":5}},{"start":{"line":150,"column":11},"end":{"line":154,"column":5}}],"line":148},"18":{"loc":{"start":{"line":152,"column":6},"end":{"line":153,"column":82}},"type":"if","locations":[{"start":{"line":152,"column":6},"end":{"line":153,"column":82}},{"start":{},"end":{}}],"line":152},"19":{"loc":{"start":{"line":156,"column":18},"end":{"line":156,"column":44}},"type":"binary-expr","locations":[{"start":{"line":156,"column":18},"end":{"line":156,"column":30}},{"start":{"line":156,"column":34},"end":{"line":156,"column":44}}],"line":156},"20":{"loc":{"start":{"line":185,"column":4},"end":{"line":186,"column":71}},"type":"if","locations":[{"start":{"line":185,"column":4},"end":{"line":186,"column":71}},{"start":{},"end":{}}],"line":185},"21":{"loc":{"start":{"line":201,"column":4},"end":{"line":204,"column":5}},"type":"if","locations":[{"start":{"line":201,"column":4},"end":{"line":204,"column":5}},{"start":{},"end":{}}],"line":201},"22":{"loc":{"start":{"line":205,"column":4},"end":{"line":208,"column":5}},"type":"if","locations":[{"start":{"line":205,"column":4},"end":{"line":208,"column":5}},{"start":{},"end":{}}],"line":205},"23":{"loc":{"start":{"line":209,"column":4},"end":{"line":212,"column":5}},"type":"if","locations":[{"start":{"line":209,"column":4},"end":{"line":212,"column":5}},{"start":{},"end":{}}],"line":209},"24":{"loc":{"start":{"line":214,"column":18},"end":{"line":214,"column":84}},"type":"cond-expr","locations":[{"start":{"line":214,"column":43},"end":{"line":214,"column":79}},{"start":{"line":214,"column":82},"end":{"line":214,"column":84}}],"line":214},"25":{"loc":{"start":{"line":239,"column":9},"end":{"line":239,"column":49}},"type":"cond-expr","locations":[{"start":{"line":239,"column":34},"end":{"line":239,"column":39}},{"start":{"line":239,"column":42},"end":{"line":239,"column":49}}],"line":239}},"s":{"0":2,"1":2,"2":2,"3":2,"4":2,"5":2,"6":2,"7":2,"8":2,"9":2,"10":2,"11":2,"12":0,"13":0,"14":2,"15":0,"16":0,"17":2,"18":0,"19":0,"20":2,"21":0,"22":0,"23":2,"24":0,"25":0,"26":2,"27":2,"28":2,"29":2,"30":2,"31":0,"32":0,"33":2,"34":2,"35":2,"36":2,"37":2,"38":1,"39":1,"40":1,"41":0,"42":1,"43":0,"44":0,"45":2,"46":2,"47":2,"48":2,"49":2,"50":2,"51":2,"52":2,"53":2,"54":2,"55":2,"56":1,"57":1,"58":0,"59":0,"60":2,"61":3,"62":3,"63":3,"64":1,"65":2,"66":2,"67":0,"68":0,"69":0,"70":2,"71":2,"72":1,"73":1,"74":1,"75":2,"76":2,"77":2,"78":2,"79":2,"80":1,"81":1,"82":1,"83":0,"84":0,"85":2,"86":1,"87":1,"88":1,"89":1,"90":1,"91":1,"92":1,"93":1,"94":0,"95":0,"96":1,"97":0,"98":0,"99":1,"100":1,"101":1,"102":1,"103":1,"104":1,"105":0,"106":0},"f":{"0":2,"1":2,"2":2,"3":3,"4":2,"5":1},"b":{"0":[2,2],"1":[2,2],"2":[2,0],"3":[0,2],"4":[2,0],"5":[0,2],"6":[0,2],"7":[0,2],"8":[0,2],"9":[2,0],"10":[1,1],"11":[1,0],"12":[0,1],"13":[2,0],"14":[1,1],"15":[1,2],"16":[3,2],"17":[2,0],"18":[0,0],"19":[2,2],"20":[1,1],"21":[1,0],"22":[0,1],"23":[0,1],"24":[1,0],"25":[1,0]},"_coverageSchema":"1a1c01bbd47fc00a2c39e90264f33305004495a9","hash":"eb1cc640783fb060cce212e273a36ff90568b122"}
,"C:\\Users\\Ruben\\Documents\\Empresa\\proyecPaqEnhanced\\paqtrack_v2\\backend\\src\\controllers\\sync.controller.js": {"path":"C:\\Users\\Ruben\\Documents\\Empresa\\proyecPaqEnhanced\\paqtrack_v2\\backend\\src\\controllers\\sync.controller.js","statementMap":{"0":{"start":{"line":4,"column":27},"end":{"line":103,"column":1}},"1":{"start":{"line":7,"column":25},"end":{"line":7,"column":70}},"2":{"start":{"line":8,"column":2},"end":{"line":10,"column":3}},"3":{"start":{"line":9,"column":4},"end":{"line":9,"column":63}},"4":{"start":{"line":13,"column":38},"end":{"line":13,"column":46}},"5":{"start":{"line":16,"column":2},"end":{"line":18,"column":3}},"6":{"start":{"line":17,"column":4},"end":{"line":17,"column":76}},"7":{"start":{"line":19,"column":2},"end":{"line":21,"column":3}},"8":{"start":{"line":20,"column":4},"end":{"line":20,"column":72}},"9":{"start":{"line":22,"column":2},"end":{"line":24,"column":3}},"10":{"start":{"line":23,"column":4},"end":{"line":23,"column":77}},"11":{"start":{"line":27,"column":15},"end":{"line":27,"column":41}},"12":{"start":{"line":29,"column":2},"end":{"line":102,"column":3}},"13":{"start":{"line":31,"column":23},"end":{"line":34,"column":5}},"14":{"start":{"line":36,"column":4},"end":{"line":38,"column":5}},"15":{"start":{"line":37,"column":6},"end":{"line":37,"column":95}},"16":{"start":{"line":40,"column":26},"end":{"line":40,"column":44}},"17":{"start":{"line":43,"column":21},"end":{"line":43,"column":22}},"18":{"start":{"line":44,"column":21},"end":{"line":44,"column":22}},"19":{"start":{"line":45,"column":21},"end":{"line":45,"column":22}},"20":{"start":{"line":48,"column":4},"end":{"line":48,"column":34}},"21":{"start":{"line":51,"column":4},"end":{"line":77,"column":5}},"22":{"start":{"line":52,"column":58},"end":{"line":52,"column":64}},"23":{"start":{"line":54,"column":6},"end":{"line":76,"column":7}},"24":{"start":{"line":55,"column":8},"end":{"line":55,"column":20}},"25":{"start":{"line":58,"column":22},"end":{"line":58,"column":89}},"26":{"start":{"line":61,"column":25},"end":{"line":64,"column":9}},"27":{"start":{"line":66,"column":8},"end":{"line":75,"column":9}},"28":{"start":{"line":67,"column":10},"end":{"line":67,"column":23}},"29":{"start":{"line":70,"column":10},"end":{"line":73,"column":12}},"30":{"start":{"line":74,"column":10},"end":{"line":74,"column":23}},"31":{"start":{"line":80,"column":4},"end":{"line":80,"column":24}},"32":{"start":{"line":82,"column":4},"end":{"line":82,"column":139}},"33":{"start":{"line":84,"column":4},"end":{"line":91,"column":7}},"34":{"start":{"line":95,"column":4},"end":{"line":95,"column":26}},"35":{"start":{"line":96,"column":4},"end":{"line":96,"column":73}},"36":{"start":{"line":97,"column":4},"end":{"line":97,"column":75}},"37":{"start":{"line":101,"column":4},"end":{"line":101,"column":19}}},"fnMap":{"0":{"name":"(anonymous_0)","decl":{"start":{"line":4,"column":27},"end":{"line":4,"column":28}},"loc":{"start":{"line":4,"column":47},"end":{"line":103,"column":1}},"line":4}},"branchMap":{"0":{"loc":{"start":{"line":7,"column":25},"end":{"line":7,"column":70}},"type":"binary-expr","locations":[{"start":{"line":7,"column":25},"end":{"line":7,"column":49}},{"start":{"line":7,"column":53},"end":{"line":7,"column":70}}],"line":7},"1":{"loc":{"start":{"line":8,"column":2},"end":{"line":10,"column":3}},"type":"if","locations":[{"start":{"line":8,"column":2},"end":{"line":10,"column":3}},{"start":{},"end":{}}],"line":8},"2":{"loc":{"start":{"line":16,"column":2},"end":{"line":18,"column":3}},"type":"if","locations":[{"start":{"line":16,"column":2},"end":{"line":18,"column":3}},{"start":{},"end":{}}],"line":16},"3":{"loc":{"start":{"line":19,"column":2},"end":{"line":21,"column":3}},"type":"if","locations":[{"start":{"line":19,"column":2},"end":{"line":21,"column":3}},{"start":{},"end":{}}],"line":19},"4":{"loc":{"start":{"line":22,"column":2},"end":{"line":24,"column":3}},"type":"if","locations":[{"start":{"line":22,"column":2},"end":{"line":24,"column":3}},{"start":{},"end":{}}],"line":22},"5":{"loc":{"start":{"line":36,"column":4},"end":{"line":38,"column":5}},"type":"if","locations":[{"start":{"line":36,"column":4},"end":{"line":38,"column":5}},{"start":{},"end":{}}],"line":36},"6":{"loc":{"start":{"line":54,"column":6},"end":{"line":76,"column":7}},"type":"if","locations":[{"start":{"line":54,"column":6},"end":{"line":76,"column":7}},{"start":{"line":56,"column":13},"end":{"line":76,"column":7}}],"line":54},"7":{"loc":{"start":{"line":54,"column":10},"end":{"line":54,"column":56}},"type":"binary-expr","locations":[{"start":{"line":54,"column":10},"end":{"line":54,"column":21}},{"start":{"line":54,"column":25},"end":{"line":54,"column":39}},{"start":{"line":54,"column":43},"end":{"line":54,"column":56}}],"line":54},"8":{"loc":{"start":{"line":66,"column":8},"end":{"line":75,"column":9}},"type":"if","locations":[{"start":{"line":66,"column":8},"end":{"line":75,"column":9}},{"start":{"line":68,"column":15},"end":{"line":75,"column":9}}],"line":66}},"s":{"0":2,"1":0,"2":0,"3":0,"4":0,"5":0,"6":0,"7":0,"8":0,"9":0,"10":0,"11":0,"12":0,"13":0,"14":0,"15":0,"16":0,"17":0,"18":0,"19":0,"20":0,"21":0,"22":0,"23":0,"24":0,"25":0,"26":0,"27":0,"28":0,"29":0,"30":0,"31":0,"32":0,"33":0,"34":0,"35":0,"36":0,"37":0},"f":{"0":0},"b":{"0":[0,0],"1":[0,0],"2":[0,0],"3":[0,0],"4":[0,0],"5":[0,0],"6":[0,0],"7":[0,0,0],"8":[0,0]},"_coverageSchema":"1a1c01bbd47fc00a2c39e90264f33305004495a9","hash":"f05fcd025ebb641540ff63754a0c4dddeb8cf118"}
,"C:\\Users\\Ruben\\Documents\\Empresa\\proyecPaqEnhanced\\paqtrack_v2\\backend\\src\\controllers\\usuarios.controller.js": {"path":"C:\\Users\\Ruben\\Documents\\Empresa\\proyecPaqEnhanced\\paqtrack_v2\\backend\\src\\controllers\\usuarios.controller.js","statementMap":{"0":{"start":{"line":6,"column":22},"end":{"line":12,"column":1}},"1":{"start":{"line":16,"column":22},"end":{"line":33,"column":1}},"2":{"start":{"line":17,"column":2},"end":{"line":32,"column":3}},"3":{"start":{"line":18,"column":16},"end":{"line":18,"column":108}},"4":{"start":{"line":19,"column":17},"end":{"line":19,"column":19}},"5":{"start":{"line":21,"column":4},"end":{"line":24,"column":5}},"6":{"start":{"line":22,"column":6},"end":{"line":22,"column":45}},"7":{"start":{"line":23,"column":6},"end":{"line":23,"column":46}},"8":{"start":{"line":26,"column":4},"end":{"line":26,"column":46}},"9":{"start":{"line":27,"column":19},"end":{"line":27,"column":50}},"10":{"start":{"line":28,"column":4},"end":{"line":28,"column":52}},"11":{"start":{"line":30,"column":4},"end":{"line":30,"column":52}},"12":{"start":{"line":31,"column":4},"end":{"line":31,"column":75}},"13":{"start":{"line":37,"column":23},"end":{"line":58,"column":1}},"14":{"start":{"line":38,"column":17},"end":{"line":38,"column":27}},"15":{"start":{"line":39,"column":2},"end":{"line":57,"column":3}},"16":{"start":{"line":40,"column":16},"end":{"line":40,"column":135}},"17":{"start":{"line":41,"column":17},"end":{"line":41,"column":21}},"18":{"start":{"line":44,"column":4},"end":{"line":47,"column":5}},"19":{"start":{"line":45,"column":6},"end":{"line":45,"column":43}},"20":{"start":{"line":46,"column":6},"end":{"line":46,"column":46}},"21":{"start":{"line":49,"column":19},"end":{"line":49,"column":50}},"22":{"start":{"line":50,"column":4},"end":{"line":51,"column":72}},"23":{"start":{"line":51,"column":6},"end":{"line":51,"column":72}},"24":{"start":{"line":53,"column":4},"end":{"line":53,"column":54}},"25":{"start":{"line":55,"column":4},"end":{"line":55,"column":52}},"26":{"start":{"line":56,"column":4},"end":{"line":56,"column":75}},"27":{"start":{"line":63,"column":22},"end":{"line":112,"column":1}},"28":{"start":{"line":64,"column":52},"end":{"line":64,"column":60}},"29":{"start":{"line":66,"column":2},"end":{"line":67,"column":85}},"30":{"start":{"line":67,"column":4},"end":{"line":67,"column":85}},"31":{"start":{"line":70,"column":2},"end":{"line":76,"column":3}},"32":{"start":{"line":71,"column":4},"end":{"line":71,"column":20}},"33":{"start":{"line":72,"column":4},"end":{"line":72,"column":48}},"34":{"start":{"line":74,"column":4},"end":{"line":74,"column":27}},"35":{"start":{"line":75,"column":4},"end":{"line":75,"column":44}},"36":{"start":{"line":78,"column":23},"end":{"line":78,"column":57}},"37":{"start":{"line":79,"column":2},"end":{"line":80,"column":109}},"38":{"start":{"line":80,"column":4},"end":{"line":80,"column":109}},"39":{"start":{"line":82,"column":2},"end":{"line":111,"column":3}},"40":{"start":{"line":84,"column":21},"end":{"line":87,"column":5}},"41":{"start":{"line":88,"column":4},"end":{"line":89,"column":86}},"42":{"start":{"line":89,"column":6},"end":{"line":89,"column":86}},"43":{"start":{"line":92,"column":17},"end":{"line":92,"column":50}},"44":{"start":{"line":94,"column":21},"end":{"line":97,"column":5}},"45":{"start":{"line":99,"column":4},"end":{"line":107,"column":7}},"46":{"start":{"line":109,"column":4},"end":{"line":109,"column":51}},"47":{"start":{"line":110,"column":4},"end":{"line":110,"column":75}},"48":{"start":{"line":116,"column":22},"end":{"line":184,"column":1}},"49":{"start":{"line":117,"column":17},"end":{"line":117,"column":27}},"50":{"start":{"line":118,"column":38},"end":{"line":118,"column":46}},"51":{"start":{"line":120,"column":2},"end":{"line":183,"column":3}},"52":{"start":{"line":122,"column":19},"end":{"line":125,"column":5}},"53":{"start":{"line":126,"column":4},"end":{"line":127,"column":72}},"54":{"start":{"line":127,"column":6},"end":{"line":127,"column":72}},"55":{"start":{"line":129,"column":21},"end":{"line":129,"column":28}},"56":{"start":{"line":132,"column":4},"end":{"line":139,"column":5}},"57":{"start":{"line":133,"column":6},"end":{"line":134,"column":94}},"58":{"start":{"line":134,"column":8},"end":{"line":134,"column":94}},"59":{"start":{"line":135,"column":6},"end":{"line":136,"column":90}},"60":{"start":{"line":136,"column":8},"end":{"line":136,"column":90}},"61":{"start":{"line":137,"column":6},"end":{"line":138,"column":78}},"62":{"start":{"line":138,"column":8},"end":{"line":138,"column":78}},"63":{"start":{"line":142,"column":19},"end":{"line":142,"column":21}},"64":{"start":{"line":143,"column":19},"end":{"line":143,"column":21}},"65":{"start":{"line":145,"column":4},"end":{"line":156,"column":5}},"66":{"start":{"line":147,"column":26},"end":{"line":150,"column":7}},"67":{"start":{"line":151,"column":6},"end":{"line":152,"column":78}},"68":{"start":{"line":152,"column":8},"end":{"line":152,"column":78}},"69":{"start":{"line":154,"column":6},"end":{"line":154,"column":32}},"70":{"start":{"line":155,"column":6},"end":{"line":155,"column":26}},"71":{"start":{"line":158,"column":4},"end":{"line":163,"column":5}},"72":{"start":{"line":160,"column":19},"end":{"line":160,"column":52}},"73":{"start":{"line":161,"column":6},"end":{"line":161,"column":36}},"74":{"start":{"line":162,"column":6},"end":{"line":162,"column":24}},"75":{"start":{"line":166,"column":4},"end":{"line":172,"column":5}},"76":{"start":{"line":167,"column":27},"end":{"line":167,"column":61}},"77":{"start":{"line":168,"column":6},"end":{"line":169,"column":65}},"78":{"start":{"line":169,"column":8},"end":{"line":169,"column":65}},"79":{"start":{"line":170,"column":6},"end":{"line":170,"column":29}},"80":{"start":{"line":171,"column":6},"end":{"line":171,"column":23}},"81":{"start":{"line":174,"column":4},"end":{"line":175,"column":88}},"82":{"start":{"line":175,"column":6},"end":{"line":175,"column":88}},"83":{"start":{"line":177,"column":4},"end":{"line":177,"column":20}},"84":{"start":{"line":178,"column":4},"end":{"line":178,"column":98}},"85":{"start":{"line":179,"column":4},"end":{"line":179,"column":82}},"86":{"start":{"line":181,"column":4},"end":{"line":181,"column":51}},"87":{"start":{"line":182,"column":4},"end":{"line":182,"column":75}},"88":{"start":{"line":189,"column":22},"end":{"line":221,"column":1}},"89":{"start":{"line":190,"column":17},"end":{"line":190,"column":27}},"90":{"start":{"line":192,"column":2},"end":{"line":220,"column":3}},"91":{"start":{"line":194,"column":19},"end":{"line":197,"column":5}},"92":{"start":{"line":198,"column":4},"end":{"line":199,"column":72}},"93":{"start":{"line":199,"column":6},"end":{"line":199,"column":72}},"94":{"start":{"line":201,"column":21},"end":{"line":201,"column":28}},"95":{"start":{"line":204,"column":4},"end":{"line":205,"column":87}},"96":{"start":{"line":205,"column":6},"end":{"line":205,"column":87}},"97":{"start":{"line":208,"column":4},"end":{"line":213,"column":5}},"98":{"start":{"line":209,"column":6},"end":{"line":210,"column":96}},"99":{"start":{"line":210,"column":8},"end":{"line":210,"column":96}},"100":{"start":{"line":211,"column":6},"end":{"line":212,"column":92}},"101":{"start":{"line":212,"column":8},"end":{"line":212,"column":92}},"102":{"start":{"line":215,"column":4},"end":{"line":215,"column":76}},"103":{"start":{"line":216,"column":4},"end":{"line":216,"column":80}},"104":{"start":{"line":218,"column":4},"end":{"line":218,"column":51}},"105":{"start":{"line":219,"column":4},"end":{"line":219,"column":75}}},"fnMap":{"0":{"name":"(anonymous_0)","decl":{"start":{"line":16,"column":22},"end":{"line":16,"column":23}},"loc":{"start":{"line":16,"column":42},"end":{"line":33,"column":1}},"line":16},"1":{"name":"(anonymous_1)","decl":{"start":{"line":37,"column":23},"end":{"line":37,"column":24}},"loc":{"start":{"line":37,"column":43},"end":{"line":58,"column":1}},"line":37},"2":{"name":"(anonymous_2)","decl":{"start":{"line":63,"column":22},"end":{"line":63,"column":23}},"loc":{"start":{"line":63,"column":42},"end":{"line":112,"column":1}},"line":63},"3":{"name":"(anonymous_3)","decl":{"start":{"line":116,"column":22},"end":{"line":116,"column":23}},"loc":{"start":{"line":116,"column":42},"end":{"line":184,"column":1}},"line":116},"4":{"name":"(anonymous_4)","decl":{"start":{"line":189,"column":22},"end":{"line":189,"column":23}},"loc":{"start":{"line":189,"column":42},"end":{"line":221,"column":1}},"line":189}},"branchMap":{"0":{"loc":{"start":{"line":21,"column":4},"end":{"line":24,"column":5}},"type":"if","locations":[{"start":{"line":21,"column":4},"end":{"line":24,"column":5}},{"start":{},"end":{}}],"line":21},"1":{"loc":{"start":{"line":44,"column":4},"end":{"line":47,"column":5}},"type":"if","locations":[{"start":{"line":44,"column":4},"end":{"line":47,"column":5}},{"start":{},"end":{}}],"line":44},"2":{"loc":{"start":{"line":50,"column":4},"end":{"line":51,"column":72}},"type":"if","locations":[{"start":{"line":50,"column":4},"end":{"line":51,"column":72}},{"start":{},"end":{}}],"line":50},"3":{"loc":{"start":{"line":66,"column":2},"end":{"line":67,"column":85}},"type":"if","locations":[{"start":{"line":66,"column":2},"end":{"line":67,"column":85}},{"start":{},"end":{}}],"line":66},"4":{"loc":{"start":{"line":66,"column":6},"end":{"line":66,"column":28}},"type":"binary-expr","locations":[{"start":{"line":66,"column":6},"end":{"line":66,"column":13}},{"start":{"line":66,"column":17},"end":{"line":66,"column":28}}],"line":66},"5":{"loc":{"start":{"line":70,"column":2},"end":{"line":76,"column":3}},"type":"if","locations":[{"start":{"line":70,"column":2},"end":{"line":76,"column":3}},{"start":{"line":73,"column":9},"end":{"line":76,"column":3}}],"line":70},"6":{"loc":{"start":{"line":74,"column":10},"end":{"line":74,"column":26}},"type":"binary-expr","locations":[{"start":{"line":74,"column":10},"end":{"line":74,"column":13}},{"start":{"line":74,"column":17},"end":{"line":74,"column":26}}],"line":74},"7":{"loc":{"start":{"line":75,"column":21},"end":{"line":75,"column":43}},"type":"binary-expr","locations":[{"start":{"line":75,"column":21},"end":{"line":75,"column":35}},{"start":{"line":75,"column":39},"end":{"line":75,"column":43}}],"line":75},"8":{"loc":{"start":{"line":79,"column":2},"end":{"line":80,"column":109}},"type":"if","locations":[{"start":{"line":79,"column":2},"end":{"line":80,"column":109}},{"start":{},"end":{}}],"line":79},"9":{"loc":{"start":{"line":88,"column":4},"end":{"line":89,"column":86}},"type":"if","locations":[{"start":{"line":88,"column":4},"end":{"line":89,"column":86}},{"start":{},"end":{}}],"line":88},"10":{"loc":{"start":{"line":126,"column":4},"end":{"line":127,"column":72}},"type":"if","locations":[{"start":{"line":126,"column":4},"end":{"line":127,"column":72}},{"start":{},"end":{}}],"line":126},"11":{"loc":{"start":{"line":132,"column":4},"end":{"line":139,"column":5}},"type":"if","locations":[{"start":{"line":132,"column":4},"end":{"line":139,"column":5}},{"start":{},"end":{}}],"line":132},"12":{"loc":{"start":{"line":133,"column":6},"end":{"line":134,"column":94}},"type":"if","locations":[{"start":{"line":133,"column":6},"end":{"line":134,"column":94}},{"start":{},"end":{}}],"line":133},"13":{"loc":{"start":{"line":135,"column":6},"end":{"line":136,"column":90}},"type":"if","locations":[{"start":{"line":135,"column":6},"end":{"line":136,"column":90}},{"start":{},"end":{}}],"line":135},"14":{"loc":{"start":{"line":137,"column":6},"end":{"line":138,"column":78}},"type":"if","locations":[{"start":{"line":137,"column":6},"end":{"line":138,"column":78}},{"start":{},"end":{}}],"line":137},"15":{"loc":{"start":{"line":137,"column":10},"end":{"line":137,"column":34}},"type":"binary-expr","locations":[{"start":{"line":137,"column":10},"end":{"line":137,"column":13}},{"start":{"line":137,"column":17},"end":{"line":137,"column":34}}],"line":137},"16":{"loc":{"start":{"line":145,"column":4},"end":{"line":156,"column":5}},"type":"if","locations":[{"start":{"line":145,"column":4},"end":{"line":156,"column":5}},{"start":{},"end":{}}],"line":145},"17":{"loc":{"start":{"line":151,"column":6},"end":{"line":152,"column":78}},"type":"if","locations":[{"start":{"line":151,"column":6},"end":{"line":152,"column":78}},{"start":{},"end":{}}],"line":151},"18":{"loc":{"start":{"line":158,"column":4},"end":{"line":163,"column":5}},"type":"if","locations":[{"start":{"line":158,"column":4},"end":{"line":163,"column":5}},{"start":{},"end":{}}],"line":158},"19":{"loc":{"start":{"line":166,"column":4},"end":{"line":172,"column":5}},"type":"if","locations":[{"start":{"line":166,"column":4},"end":{"line":172,"column":5}},{"start":{},"end":{}}],"line":166},"20":{"loc":{"start":{"line":166,"column":8},"end":{"line":166,"column":47}},"type":"binary-expr","locations":[{"start":{"line":166,"column":8},"end":{"line":166,"column":11}},{"start":{"line":166,"column":15},"end":{"line":166,"column":47}}],"line":166},"21":{"loc":{"start":{"line":168,"column":6},"end":{"line":169,"column":65}},"type":"if","locations":[{"start":{"line":168,"column":6},"end":{"line":169,"column":65}},{"start":{},"end":{}}],"line":168},"22":{"loc":{"start":{"line":174,"column":4},"end":{"line":175,"column":88}},"type":"if","locations":[{"start":{"line":174,"column":4},"end":{"line":175,"column":88}},{"start":{},"end":{}}],"line":174},"23":{"loc":{"start":{"line":198,"column":4},"end":{"line":199,"column":72}},"type":"if","locations":[{"start":{"line":198,"column":4},"end":{"line":199,"column":72}},{"start":{},"end":{}}],"line":198},"24":{"loc":{"start":{"line":204,"column":4},"end":{"line":205,"column":87}},"type":"if","locations":[{"start":{"line":204,"column":4},"end":{"line":205,"column":87}},{"start":{},"end":{}}],"line":204},"25":{"loc":{"start":{"line":208,"column":4},"end":{"line":213,"column":5}},"type":"if","locations":[{"start":{"line":208,"column":4},"end":{"line":213,"column":5}},{"start":{},"end":{}}],"line":208},"26":{"loc":{"start":{"line":209,"column":6},"end":{"line":210,"column":96}},"type":"if","locations":[{"start":{"line":209,"column":6},"end":{"line":210,"column":96}},{"start":{},"end":{}}],"line":209},"27":{"loc":{"start":{"line":211,"column":6},"end":{"line":212,"column":92}},"type":"if","locations":[{"start":{"line":211,"column":6},"end":{"line":212,"column":92}},{"start":{},"end":{}}],"line":211}},"s":{"0":2,"1":2,"2":0,"3":0,"4":0,"5":0,"6":0,"7":0,"8":0,"9":0,"10":0,"11":0,"12":0,"13":2,"14":0,"15":0,"16":0,"17":0,"18":0,"19":0,"20":0,"21":0,"22":0,"23":0,"24":0,"25":0,"26":0,"27":2,"28":0,"29":0,"30":0,"31":0,"32":0,"33":0,"34":0,"35":0,"36":0,"37":0,"38":0,"39":0,"40":0,"41":0,"42":0,"43":0,"44":0,"45":0,"46":0,"47":0,"48":2,"49":0,"50":0,"51":0,"52":0,"53":0,"54":0,"55":0,"56":0,"57":0,"58":0,"59":0,"60":0,"61":0,"62":0,"63":0,"64":0,"65":0,"66":0,"67":0,"68":0,"69":0,"70":0,"71":0,"72":0,"73":0,"74":0,"75":0,"76":0,"77":0,"78":0,"79":0,"80":0,"81":0,"82":0,"83":0,"84":0,"85":0,"86":0,"87":0,"88":2,"89":0,"90":0,"91":0,"92":0,"93":0,"94":0,"95":0,"96":0,"97":0,"98":0,"99":0,"100":0,"101":0,"102":0,"103":0,"104":0,"105":0},"f":{"0":0,"1":0,"2":0,"3":0,"4":0},"b":{"0":[0,0],"1":[0,0],"2":[0,0],"3":[0,0],"4":[0,0],"5":[0,0],"6":[0,0],"7":[0,0],"8":[0,0],"9":[0,0],"10":[0,0],"11":[0,0],"12":[0,0],"13":[0,0],"14":[0,0],"15":[0,0],"16":[0,0],"17":[0,0],"18":[0,0],"19":[0,0],"20":[0,0],"21":[0,0],"22":[0,0],"23":[0,0],"24":[0,0],"25":[0,0],"26":[0,0],"27":[0,0]},"_coverageSchema":"1a1c01bbd47fc00a2c39e90264f33305004495a9","hash":"a2b5165a82af3cb37d4be721de095beebc8ab59a"}
,"C:\\Users\\Ruben\\Documents\\Empresa\\proyecPaqEnhanced\\paqtrack_v2\\backend\\src\\middleware\\auth.middleware.js": {"path":"C:\\Users\\Ruben\\Documents\\Empresa\\proyecPaqEnhanced\\paqtrack_v2\\backend\\src\\middleware\\auth.middleware.js","statementMap":{"0":{"start":{"line":4,"column":15},"end":{"line":4,"column":78}},"1":{"start":{"line":6,"column":30},"end":{"line":19,"column":1}},"2":{"start":{"line":7,"column":21},"end":{"line":7,"column":49}},"3":{"start":{"line":8,"column":16},"end":{"line":8,"column":54}},"4":{"start":{"line":10,"column":2},"end":{"line":11,"column":81}},"5":{"start":{"line":11,"column":4},"end":{"line":11,"column":81}},"6":{"start":{"line":13,"column":2},"end":{"line":18,"column":3}},"7":{"start":{"line":14,"column":4},"end":{"line":14,"column":44}},"8":{"start":{"line":15,"column":4},"end":{"line":15,"column":11}},"9":{"start":{"line":17,"column":4},"end":{"line":17,"column":74}},"10":{"start":{"line":21,"column":30},"end":{"line":25,"column":1}},"11":{"start":{"line":22,"column":2},"end":{"line":23,"column":72}},"12":{"start":{"line":23,"column":4},"end":{"line":23,"column":72}},"13":{"start":{"line":24,"column":2},"end":{"line":24,"column":9}},"14":{"start":{"line":27,"column":25},"end":{"line":31,"column":1}},"15":{"start":{"line":28,"column":2},"end":{"line":29,"column":78}},"16":{"start":{"line":29,"column":4},"end":{"line":29,"column":78}},"17":{"start":{"line":30,"column":2},"end":{"line":30,"column":9}},"18":{"start":{"line":33,"column":29},"end":{"line":40,"column":1}},"19":{"start":{"line":34,"column":2},"end":{"line":38,"column":3}},"20":{"start":{"line":35,"column":4},"end":{"line":35,"column":79}},"21":{"start":{"line":37,"column":4},"end":{"line":37,"column":51}},"22":{"start":{"line":39,"column":2},"end":{"line":39,"column":9}}},"fnMap":{"0":{"name":"(anonymous_0)","decl":{"start":{"line":6,"column":30},"end":{"line":6,"column":31}},"loc":{"start":{"line":6,"column":50},"end":{"line":19,"column":1}},"line":6},"1":{"name":"(anonymous_1)","decl":{"start":{"line":21,"column":30},"end":{"line":21,"column":31}},"loc":{"start":{"line":21,"column":50},"end":{"line":25,"column":1}},"line":21},"2":{"name":"(anonymous_2)","decl":{"start":{"line":27,"column":25},"end":{"line":27,"column":26}},"loc":{"start":{"line":27,"column":45},"end":{"line":31,"column":1}},"line":27},"3":{"name":"(anonymous_3)","decl":{"start":{"line":33,"column":29},"end":{"line":33,"column":30}},"loc":{"start":{"line":33,"column":49},"end":{"line":40,"column":1}},"line":33}},"branchMap":{"0":{"loc":{"start":{"line":4,"column":15},"end":{"line":4,"column":78}},"type":"binary-expr","locations":[{"start":{"line":4,"column":15},"end":{"line":4,"column":37}},{"start":{"line":4,"column":41},"end":{"line":4,"column":78}}],"line":4},"1":{"loc":{"start":{"line":8,"column":16},"end":{"line":8,"column":54}},"type":"binary-expr","locations":[{"start":{"line":8,"column":16},"end":{"line":8,"column":26}},{"start":{"line":8,"column":30},"end":{"line":8,"column":54}}],"line":8},"2":{"loc":{"start":{"line":10,"column":2},"end":{"line":11,"column":81}},"type":"if","locations":[{"start":{"line":10,"column":2},"end":{"line":11,"column":81}},{"start":{},"end":{}}],"line":10},"3":{"loc":{"start":{"line":22,"column":2},"end":{"line":23,"column":72}},"type":"if","locations":[{"start":{"line":22,"column":2},"end":{"line":23,"column":72}},{"start":{},"end":{}}],"line":22},"4":{"loc":{"start":{"line":28,"column":2},"end":{"line":29,"column":78}},"type":"if","locations":[{"start":{"line":28,"column":2},"end":{"line":29,"column":78}},{"start":{},"end":{}}],"line":28},"5":{"loc":{"start":{"line":34,"column":2},"end":{"line":38,"column":3}},"type":"if","locations":[{"start":{"line":34,"column":2},"end":{"line":38,"column":3}},{"start":{"line":36,"column":9},"end":{"line":38,"column":3}}],"line":34},"6":{"loc":{"start":{"line":35,"column":24},"end":{"line":35,"column":78}},"type":"cond-expr","locations":[{"start":{"line":35,"column":44},"end":{"line":35,"column":71}},{"start":{"line":35,"column":74},"end":{"line":35,"column":78}}],"line":35}},"s":{"0":2,"1":2,"2":23,"3":23,"4":23,"5":7,"6":16,"7":16,"8":15,"9":1,"10":2,"11":3,"12":1,"13":2,"14":2,"15":4,"16":1,"17":3,"18":2,"19":14,"20":2,"21":12,"22":14},"f":{"0":23,"1":3,"2":4,"3":14},"b":{"0":[2,2],"1":[23,16],"2":[7,16],"3":[1,2],"4":[1,3],"5":[2,12],"6":[0,2]},"_coverageSchema":"1a1c01bbd47fc00a2c39e90264f33305004495a9","hash":"575611210d39cb09384f2b887dfe09038b49e3ea"}
,"C:\\Users\\Ruben\\Documents\\Empresa\\proyecPaqEnhanced\\paqtrack_v2\\backend\\src\\routes\\auth.routes.js": {"path":"C:\\Users\\Ruben\\Documents\\Empresa\\proyecPaqEnhanced\\paqtrack_v2\\backend\\src\\routes\\auth.routes.js","statementMap":{"0":{"start":{"line":6,"column":26},"end":{"line":6,"column":34}},"1":{"start":{"line":8,"column":0},"end":{"line":8,"column":34}},"2":{"start":{"line":9,"column":0},"end":{"line":9,"column":51}}},"fnMap":{},"branchMap":{},"s":{"0":2,"1":2,"2":2},"f":{},"b":{},"_coverageSchema":"1a1c01bbd47fc00a2c39e90264f33305004495a9","hash":"a5d6e19a2232c842c229f137599b0b7bdfcfcc3b"}
,"C:\\Users\\Ruben\\Documents\\Empresa\\proyecPaqEnhanced\\paqtrack_v2\\backend\\src\\routes\\empresa.routes.js": {"path":"C:\\Users\\Ruben\\Documents\\Empresa\\proyecPaqEnhanced\\paqtrack_v2\\backend\\src\\routes\\empresa.routes.js","statementMap":{"0":{"start":{"line":6,"column":29},"end":{"line":6,"column":37}},"1":{"start":{"line":8,"column":0},"end":{"line":8,"column":34}},"2":{"start":{"line":10,"column":0},"end":{"line":10,"column":31}},"3":{"start":{"line":11,"column":0},"end":{"line":11,"column":51}},"4":{"start":{"line":12,"column":0},"end":{"line":12,"column":48}},"5":{"start":{"line":13,"column":0},"end":{"line":13,"column":50}},"6":{"start":{"line":14,"column":0},"end":{"line":14,"column":53}}},"fnMap":{},"branchMap":{},"s":{"0":2,"1":2,"2":2,"3":2,"4":2,"5":2,"6":2},"f":{},"b":{},"_coverageSchema":"1a1c01bbd47fc00a2c39e90264f33305004495a9","hash":"6e19cba258e4dc4de44e532ede6ef4d058c67bf1"}
,"C:\\Users\\Ruben\\Documents\\Empresa\\proyecPaqEnhanced\\paqtrack_v2\\backend\\src\\routes\\salidas.routes.js": {"path":"C:\\Users\\Ruben\\Documents\\Empresa\\proyecPaqEnhanced\\paqtrack_v2\\backend\\src\\routes\\salidas.routes.js","statementMap":{"0":{"start":{"line":6,"column":29},"end":{"line":6,"column":37}},"1":{"start":{"line":8,"column":0},"end":{"line":8,"column":34}},"2":{"start":{"line":9,"column":0},"end":{"line":9,"column":33}},"3":{"start":{"line":11,"column":0},"end":{"line":11,"column":31}},"4":{"start":{"line":12,"column":0},"end":{"line":12,"column":49}},"5":{"start":{"line":13,"column":0},"end":{"line":13,"column":60}},"6":{"start":{"line":14,"column":0},"end":{"line":14,"column":35}},"7":{"start":{"line":15,"column":0},"end":{"line":15,"column":43}},"8":{"start":{"line":16,"column":0},"end":{"line":16,"column":53}}},"fnMap":{},"branchMap":{},"s":{"0":2,"1":2,"2":2,"3":2,"4":2,"5":2,"6":2,"7":2,"8":2},"f":{},"b":{},"_coverageSchema":"1a1c01bbd47fc00a2c39e90264f33305004495a9","hash":"5ea904a1e8f7274bab4d15b10951d8e963161996"}
,"C:\\Users\\Ruben\\Documents\\Empresa\\proyecPaqEnhanced\\paqtrack_v2\\backend\\src\\routes\\sync.routes.js": {"path":"C:\\Users\\Ruben\\Documents\\Empresa\\proyecPaqEnhanced\\paqtrack_v2\\backend\\src\\routes\\sync.routes.js","statementMap":{"0":{"start":{"line":5,"column":26},"end":{"line":5,"column":34}},"1":{"start":{"line":9,"column":0},"end":{"line":9,"column":34}}},"fnMap":{},"branchMap":{},"s":{"0":2,"1":2},"f":{},"b":{},"_coverageSchema":"1a1c01bbd47fc00a2c39e90264f33305004495a9","hash":"6fd192dcd66e5a91497debabfd1f5ed66e60a619"}
,"C:\\Users\\Ruben\\Documents\\Empresa\\proyecPaqEnhanced\\paqtrack_v2\\backend\\src\\routes\\usuarios.routes.js": {"path":"C:\\Users\\Ruben\\Documents\\Empresa\\proyecPaqEnhanced\\paqtrack_v2\\backend\\src\\routes\\usuarios.routes.js","statementMap":{"0":{"start":{"line":6,"column":30},"end":{"line":6,"column":38}},"1":{"start":{"line":8,"column":0},"end":{"line":8,"column":35}},"2":{"start":{"line":10,"column":0},"end":{"line":10,"column":43}},"3":{"start":{"line":11,"column":0},"end":{"line":11,"column":47}},"4":{"start":{"line":12,"column":0},"end":{"line":12,"column":44}},"5":{"start":{"line":13,"column":0},"end":{"line":13,"column":46}},"6":{"start":{"line":14,"column":0},"end":{"line":14,"column":49}}},"fnMap":{},"branchMap":{},"s":{"0":2,"1":2,"2":2,"3":2,"4":2,"5":2,"6":2},"f":{},"b":{},"_coverageSchema":"1a1c01bbd47fc00a2c39e90264f33305004495a9","hash":"1859db73cefdd7bb470bfff382392353b325134f"}
,"C:\\Users\\Ruben\\Documents\\Empresa\\proyecPaqEnhanced\\paqtrack_v2\\backend\\src\\seeders\\datos.seeder.js": {"path":"C:\\Users\\Ruben\\Documents\\Empresa\\proyecPaqEnhanced\\paqtrack_v2\\backend\\src\\seeders\\datos.seeder.js","statementMap":{"0":{"start":{"line":6,"column":17},"end":{"line":32,"column":1}},"1":{"start":{"line":34,"column":30},"end":{"line":41,"column":1}},"2":{"start":{"line":35,"column":17},"end":{"line":35,"column":45}},"3":{"start":{"line":36,"column":18},"end":{"line":36,"column":30}},"4":{"start":{"line":37,"column":2},"end":{"line":40,"column":4}},"5":{"start":{"line":38,"column":36},"end":{"line":38,"column":85}},"6":{"start":{"line":39,"column":36},"end":{"line":39,"column":87}},"7":{"start":{"line":43,"column":23},"end":{"line":54,"column":1}},"8":{"start":{"line":44,"column":16},"end":{"line":44,"column":26}},"9":{"start":{"line":45,"column":20},"end":{"line":45,"column":64}},"10":{"start":{"line":46,"column":2},"end":{"line":53,"column":5}},"11":{"start":{"line":56,"column":24},"end":{"line":63,"column":1}},"12":{"start":{"line":57,"column":2},"end":{"line":62,"column":3}},"13":{"start":{"line":57,"column":15},"end":{"line":57,"column":16}},"14":{"start":{"line":58,"column":4},"end":{"line":61,"column":6}},"15":{"start":{"line":66,"column":19},"end":{"line":66,"column":73}},"16":{"start":{"line":67,"column":2},"end":{"line":70,"column":3}},"17":{"start":{"line":68,"column":4},"end":{"line":68,"column":57}},"18":{"start":{"line":69,"column":4},"end":{"line":69,"column":11}},"19":{"start":{"line":72,"column":15},"end":{"line":72,"column":48}},"20":{"start":{"line":73,"column":22},"end":{"line":73,"column":57}},"21":{"start":{"line":75,"column":2},"end":{"line":91,"column":3}},"22":{"start":{"line":76,"column":18},"end":{"line":79,"column":5}},"23":{"start":{"line":80,"column":15},"end":{"line":80,"column":27}},"24":{"start":{"line":81,"column":17},"end":{"line":81,"column":71}},"25":{"start":{"line":83,"column":4},"end":{"line":83,"column":149}},"26":{"start":{"line":84,"column":4},"end":{"line":84,"column":161}},"27":{"start":{"line":85,"column":4},"end":{"line":85,"column":161}},"28":{"start":{"line":87,"column":4},"end":{"line":87,"column":34}},"29":{"start":{"line":88,"column":4},"end":{"line":88,"column":39}},"30":{"start":{"line":90,"column":4},"end":{"line":90,"column":39}},"31":{"start":{"line":93,"column":2},"end":{"line":93,"column":83}}},"fnMap":{"0":{"name":"(anonymous_0)","decl":{"start":{"line":34,"column":30},"end":{"line":34,"column":31}},"loc":{"start":{"line":34,"column":36},"end":{"line":41,"column":1}},"line":34},"1":{"name":"(anonymous_1)","decl":{"start":{"line":38,"column":30},"end":{"line":38,"column":31}},"loc":{"start":{"line":38,"column":36},"end":{"line":38,"column":85}},"line":38},"2":{"name":"(anonymous_2)","decl":{"start":{"line":39,"column":30},"end":{"line":39,"column":31}},"loc":{"start":{"line":39,"column":36},"end":{"line":39,"column":87}},"line":39},"3":{"name":"(anonymous_3)","decl":{"start":{"line":43,"column":23},"end":{"line":43,"column":24}},"loc":{"start":{"line":43,"column":44},"end":{"line":54,"column":1}},"line":43},"4":{"name":"(anonymous_4)","decl":{"start":{"line":56,"column":24},"end":{"line":56,"column":25}},"loc":{"start":{"line":56,"column":76},"end":{"line":63,"column":1}},"line":56},"5":{"name":"datosSeeder","decl":{"start":{"line":65,"column":22},"end":{"line":65,"column":33}},"loc":{"start":{"line":65,"column":36},"end":{"line":94,"column":1}},"line":65}},"branchMap":{"0":{"loc":{"start":{"line":43,"column":24},"end":{"line":43,"column":39}},"type":"default-arg","locations":[{"start":{"line":43,"column":34},"end":{"line":43,"column":39}}],"line":43},"1":{"loc":{"start":{"line":45,"column":20},"end":{"line":45,"column":64}},"type":"cond-expr","locations":[{"start":{"line":45,"column":30},"end":{"line":45,"column":31}},{"start":{"line":45,"column":34},"end":{"line":45,"column":64}}],"line":45},"2":{"loc":{"start":{"line":56,"column":56},"end":{"line":56,"column":71}},"type":"default-arg","locations":[{"start":{"line":56,"column":66},"end":{"line":56,"column":71}}],"line":56},"3":{"loc":{"start":{"line":67,"column":2},"end":{"line":70,"column":3}},"type":"if","locations":[{"start":{"line":67,"column":2},"end":{"line":70,"column":3}},{"start":{},"end":{}}],"line":67}},"s":{"0":2,"1":2,"2":0,"3":0,"4":0,"5":0,"6":0,"7":2,"8":0,"9":0,"10":0,"11":2,"12":0,"13":0,"14":0,"15":0,"16":0,"17":0,"18":0,"19":0,"20":0,"21":0,"22":0,"23":0,"24":0,"25":0,"26":0,"27":0,"28":0,"29":0,"30":0,"31":0},"f":{"0":0,"1":0,"2":0,"3":0,"4":0,"5":0},"b":{"0":[0],"1":[0,0],"2":[0],"3":[0,0]},"_coverageSchema":"1a1c01bbd47fc00a2c39e90264f33305004495a9","hash":"383ecc4a53118934f3789ecd8ad8ad84de29593b"}
,"C:\\Users\\Ruben\\Documents\\Empresa\\proyecPaqEnhanced\\paqtrack_v2\\backend\\src\\seeders\\superadmin.seeder.js": {"path":"C:\\Users\\Ruben\\Documents\\Empresa\\proyecPaqEnhanced\\paqtrack_v2\\backend\\src\\seeders\\superadmin.seeder.js","statementMap":{"0":{"start":{"line":13,"column":17},"end":{"line":15,"column":3}},"1":{"start":{"line":18,"column":2},"end":{"line":21,"column":3}},"2":{"start":{"line":19,"column":4},"end":{"line":19,"column":61}},"3":{"start":{"line":20,"column":4},"end":{"line":20,"column":11}},"4":{"start":{"line":25,"column":15},"end":{"line":25,"column":48}},"5":{"start":{"line":30,"column":2},"end":{"line":34,"column":4}},"6":{"start":{"line":37,"column":2},"end":{"line":37,"column":68}}},"fnMap":{"0":{"name":"superadminSeeder","decl":{"start":{"line":10,"column":22},"end":{"line":10,"column":38}},"loc":{"start":{"line":10,"column":41},"end":{"line":38,"column":1}},"line":10}},"branchMap":{"0":{"loc":{"start":{"line":18,"column":2},"end":{"line":21,"column":3}},"type":"if","locations":[{"start":{"line":18,"column":2},"end":{"line":21,"column":3}},{"start":{},"end":{}}],"line":18}},"s":{"0":0,"1":0,"2":0,"3":0,"4":0,"5":0,"6":0},"f":{"0":0},"b":{"0":[0,0]},"_coverageSchema":"1a1c01bbd47fc00a2c39e90264f33305004495a9","hash":"b079b8108ee271f61d20c4cdea07468cd047f656"}
}
