TN:
SF:src\index.js
FN:15,(anonymous_0)
FN:23,(anonymous_1)
FN:31,(anonymous_2)
FN:37,esperarMySQL
FN:43,(anonymous_4)
FN:48,(anonymous_5)
FN:54,arrancar
FN:59,(anonymous_7)
FN:75,(anonymous_8)
FN:76,(anonymous_9)
FN:77,(anonymous_10)
FN:78,(anonymous_11)
FN:88,(anonymous_12)
FN:96,(anonymous_13)
FNF:14
FNH:2
FNDA:69,(anonymous_0)
FNDA:69,(anonymous_1)
FNDA:0,(anonymous_2)
FNDA:0,esperarMySQL
FNDA:0,(anonymous_4)
FNDA:0,(anonymous_5)
FNDA:0,arrancar
FNDA:0,(anonymous_7)
FNDA:0,(anonymous_8)
FNDA:0,(anonymous_9)
FNDA:0,(anonymous_10)
FNDA:0,(anonymous_11)
FNDA:0,(anonymous_12)
FNDA:0,(anonymous_13)
DA:13,3
DA:15,3
DA:16,69
DA:17,69
DA:18,69
DA:19,69
DA:20,69
DA:22,3
DA:23,69
DA:29,3
DA:30,3
DA:31,3
DA:32,3
DA:33,3
DA:34,3
DA:35,3
DA:36,3
DA:38,0
DA:39,0
DA:40,0
DA:41,0
DA:42,0
DA:43,0
DA:44,0
DA:46,0
DA:47,0
DA:48,0
DA:51,0
DA:52,0
DA:55,0
DA:56,0
DA:57,0
DA:58,0
DA:59,0
DA:60,0
DA:61,0
DA:62,0
DA:63,0
DA:64,0
DA:65,0
DA:66,0
DA:67,0
DA:68,0
DA:69,0
DA:74,3
DA:75,3
DA:76,0
DA:77,0
DA:78,3
DA:79,0
DA:80,0
DA:81,0
DA:82,0
DA:86,0
DA:88,3
DA:89,0
DA:94,0
DA:96,3
DA:97,0
DA:104,0
DA:108,3
DA:109,0
LF:62
LH:23
BRDA:19,0,0,0
BRDA:19,0,1,69
BRDA:37,1,0,0
BRDA:108,2,0,0
BRDA:108,2,1,3
BRF:5
BRH:2
end_of_record
TN:
SF:src\config\db.init.js
FN:3,initDB
FNF:1
FNH:0
FNDA:0,initDB
DA:4,0
DA:5,0
DA:6,0
DA:13,0
DA:23,0
DA:33,0
DA:35,0
LF:7
LH:0
BRF:0
BRH:0
end_of_record
TN:
SF:src\controllers\auth.controller.js
FN:12,(anonymous_0)
FN:69,(anonymous_1)
FNF:2
FNH:2
FNDA:23,(anonymous_0)
FNDA:1,(anonymous_1)
DA:7,3
DA:8,3
DA:12,3
DA:13,23
DA:15,23
DA:16,1
DA:18,22
DA:20,22
DA:30,22
DA:31,1
DA:33,21
DA:36,21
DA:37,21
DA:38,1
DA:42,20
DA:49,20
DA:51,20
DA:62,0
DA:63,0
DA:69,3
DA:70,1
DA:72,1
DA:82,1
DA:83,0
DA:85,1
DA:88,0
DA:89,0
LF:27
LH:22
BRDA:7,0,0,3
BRDA:7,0,1,3
BRDA:15,1,0,1
BRDA:15,1,1,22
BRDA:15,2,0,23
BRDA:15,2,1,22
BRDA:30,3,0,1
BRDA:30,3,1,21
BRDA:37,4,0,1
BRDA:37,4,1,20
BRDA:82,5,0,0
BRDA:82,5,1,1
BRF:12
BRH:11
end_of_record
TN:
SF:src\controllers\empresa.controller.js
FN:4,(anonymous_0)
FN:18,(anonymous_1)
FN:39,(anonymous_2)
FN:71,(anonymous_3)
FN:117,(anonymous_4)
FNF:5
FNH:5
FNDA:2,(anonymous_0)
FNDA:2,(anonymous_1)
FNDA:3,(anonymous_2)
FNDA:3,(anonymous_3)
FNDA:4,(anonymous_4)
DA:4,3
DA:5,2
DA:6,2
DA:7,1
DA:8,1
DA:10,1
DA:11,1
DA:14,0
DA:18,3
DA:19,2
DA:20,2
DA:22,2
DA:24,2
DA:25,1
DA:28,1
DA:29,0
DA:32,1
DA:34,0
DA:35,0
DA:39,3
DA:40,3
DA:41,3
DA:43,3
DA:44,1
DA:47,2
DA:48,2
DA:49,1
DA:52,1
DA:57,1
DA:67,0
DA:71,3
DA:72,3
DA:73,3
DA:74,3
DA:76,3
DA:77,1
DA:80,2
DA:81,2
DA:82,1
DA:85,1
DA:86,1
DA:90,1
DA:91,0
DA:95,1
DA:96,1
DA:98,1
DA:99,1
DA:100,1
DA:102,1
DA:103,0
DA:104,0
DA:107,1
DA:108,1
DA:110,1
DA:113,0
DA:117,3
DA:118,4
DA:119,4
DA:121,4
DA:122,4
DA:123,1
DA:126,3
DA:127,3
DA:128,1
DA:131,2
DA:132,2
DA:133,1
DA:136,1
DA:138,1
DA:141,0
LF:70
LH:60
BRDA:6,0,0,1
BRDA:6,0,1,1
BRDA:24,1,0,1
BRDA:24,1,1,1
BRDA:28,2,0,0
BRDA:28,2,1,1
BRDA:28,3,0,1
BRDA:28,3,1,0
BRDA:43,4,0,1
BRDA:43,4,1,2
BRDA:48,5,0,1
BRDA:48,5,1,1
BRDA:54,6,0,1
BRDA:54,6,1,0
BRDA:62,7,0,1
BRDA:62,7,1,0
BRDA:76,8,0,1
BRDA:76,8,1,2
BRDA:76,9,0,3
BRDA:76,9,1,1
BRDA:81,10,0,1
BRDA:81,10,1,1
BRDA:85,11,0,1
BRDA:85,11,1,0
BRDA:90,12,0,0
BRDA:90,12,1,1
BRDA:98,13,0,1
BRDA:98,13,1,0
BRDA:102,14,0,0
BRDA:102,14,1,1
BRDA:122,15,0,1
BRDA:122,15,1,3
BRDA:127,16,0,1
BRDA:127,16,1,2
BRDA:132,17,0,1
BRDA:132,17,1,1
BRF:36
BRH:28
end_of_record
TN:
SF:src\controllers\salidas.controller.js
FN:4,(anonymous_0)
FN:75,(anonymous_1)
FN:104,(anonymous_2)
FN:141,(anonymous_3)
FN:178,(anonymous_4)
FN:195,(anonymous_5)
FNF:6
FNH:6
FNDA:2,(anonymous_0)
FNDA:2,(anonymous_1)
FNDA:2,(anonymous_2)
FNDA:3,(anonymous_3)
FNDA:2,(anonymous_4)
FNDA:1,(anonymous_5)
DA:4,3
DA:5,2
DA:6,2
DA:7,2
DA:8,2
DA:9,2
DA:10,2
DA:11,2
DA:13,2
DA:14,2
DA:15,2
DA:17,2
DA:18,0
DA:19,0
DA:21,2
DA:22,0
DA:23,0
DA:25,2
DA:26,0
DA:27,0
DA:29,2
DA:30,0
DA:31,0
DA:33,2
DA:34,0
DA:35,0
DA:38,2
DA:40,2
DA:44,2
DA:46,2
DA:62,2
DA:70,0
DA:71,0
DA:75,3
DA:76,2
DA:77,2
DA:78,2
DA:91,2
DA:92,1
DA:93,1
DA:94,1
DA:95,0
DA:97,1
DA:99,0
DA:100,0
DA:104,3
DA:105,2
DA:106,2
DA:107,2
DA:108,2
DA:109,2
DA:110,2
DA:111,2
DA:113,2
DA:114,2
DA:128,2
DA:129,1
DA:130,1
DA:136,0
DA:137,0
DA:141,3
DA:142,3
DA:143,3
DA:144,3
DA:145,1
DA:148,2
DA:149,2
DA:151,0
DA:152,0
DA:153,0
DA:156,2
DA:157,2
DA:162,1
DA:173,1
DA:174,1
DA:178,3
DA:179,2
DA:180,2
DA:181,2
DA:185,2
DA:186,1
DA:187,1
DA:188,1
DA:190,0
DA:191,0
DA:195,3
DA:196,1
DA:197,1
DA:198,1
DA:199,1
DA:201,1
DA:202,1
DA:203,1
DA:205,1
DA:206,0
DA:207,0
DA:209,1
DA:210,0
DA:211,0
DA:214,1
DA:216,1
DA:220,1
DA:227,1
DA:236,1
DA:245,1
DA:252,0
DA:253,0
LF:107
LH:79
BRDA:7,0,0,2
BRDA:7,0,1,2
BRDA:8,1,0,2
BRDA:8,1,1,2
BRDA:13,2,0,2
BRDA:13,2,1,0
BRDA:17,3,0,0
BRDA:17,3,1,2
BRDA:17,4,0,2
BRDA:17,4,1,0
BRDA:21,5,0,0
BRDA:21,5,1,2
BRDA:25,6,0,0
BRDA:25,6,1,2
BRDA:29,7,0,0
BRDA:29,7,1,2
BRDA:33,8,0,0
BRDA:33,8,1,2
BRDA:38,9,0,2
BRDA:38,9,1,0
BRDA:91,10,0,1
BRDA:91,10,1,1
BRDA:93,11,0,1
BRDA:93,11,1,0
BRDA:94,12,0,0
BRDA:94,12,1,1
BRDA:109,13,0,2
BRDA:109,13,1,0
BRDA:128,14,0,1
BRDA:128,14,1,1
BRDA:144,15,0,1
BRDA:144,15,1,2
BRDA:144,16,0,3
BRDA:144,16,1,2
BRDA:148,17,0,2
BRDA:148,17,1,0
BRDA:152,18,0,0
BRDA:152,18,1,0
BRDA:156,19,0,2
BRDA:156,19,1,2
BRDA:185,20,0,1
BRDA:185,20,1,1
BRDA:201,21,0,1
BRDA:201,21,1,0
BRDA:205,22,0,0
BRDA:205,22,1,1
BRDA:209,23,0,0
BRDA:209,23,1,1
BRDA:214,24,0,1
BRDA:214,24,1,0
BRDA:239,25,0,1
BRDA:239,25,1,0
BRF:52
BRH:33
end_of_record
TN:
SF:src\controllers\sync.controller.js
FN:4,(anonymous_0)
FNF:1
FNH:0
FNDA:0,(anonymous_0)
DA:4,3
DA:7,0
DA:8,0
DA:9,0
DA:13,0
DA:16,0
DA:17,0
DA:19,0
DA:20,0
DA:22,0
DA:23,0
DA:27,0
DA:29,0
DA:31,0
DA:36,0
DA:37,0
DA:40,0
DA:43,0
DA:44,0
DA:45,0
DA:48,0
DA:51,0
DA:52,0
DA:54,0
DA:55,0
DA:58,0
DA:61,0
DA:66,0
DA:67,0
DA:70,0
DA:74,0
DA:80,0
DA:82,0
DA:84,0
DA:95,0
DA:96,0
DA:97,0
DA:101,0
LF:38
LH:1
BRDA:7,0,0,0
BRDA:7,0,1,0
BRDA:8,1,0,0
BRDA:8,1,1,0
BRDA:16,2,0,0
BRDA:16,2,1,0
BRDA:19,3,0,0
BRDA:19,3,1,0
BRDA:22,4,0,0
BRDA:22,4,1,0
BRDA:36,5,0,0
BRDA:36,5,1,0
BRDA:54,6,0,0
BRDA:54,6,1,0
BRDA:54,7,0,0
BRDA:54,7,1,0
BRDA:54,7,2,0
BRDA:66,8,0,0
BRDA:66,8,1,0
BRF:19
BRH:0
end_of_record
TN:
SF:src\controllers\usuarios.controller.js
FN:16,(anonymous_0)
FN:37,(anonymous_1)
FN:63,(anonymous_2)
FN:116,(anonymous_3)
FN:189,(anonymous_4)
FNF:5
FNH:0
FNDA:0,(anonymous_0)
FNDA:0,(anonymous_1)
FNDA:0,(anonymous_2)
FNDA:0,(anonymous_3)
FNDA:0,(anonymous_4)
DA:6,3
DA:16,3
DA:17,0
DA:18,0
DA:19,0
DA:21,0
DA:22,0
DA:23,0
DA:26,0
DA:27,0
DA:28,0
DA:30,0
DA:31,0
DA:37,3
DA:38,0
DA:39,0
DA:40,0
DA:41,0
DA:44,0
DA:45,0
DA:46,0
DA:49,0
DA:50,0
DA:51,0
DA:53,0
DA:55,0
DA:56,0
DA:63,3
DA:64,0
DA:66,0
DA:67,0
DA:70,0
DA:71,0
DA:72,0
DA:74,0
DA:75,0
DA:78,0
DA:79,0
DA:80,0
DA:82,0
DA:84,0
DA:88,0
DA:89,0
DA:92,0
DA:94,0
DA:99,0
DA:109,0
DA:110,0
DA:116,3
DA:117,0
DA:118,0
DA:120,0
DA:122,0
DA:126,0
DA:127,0
DA:129,0
DA:132,0
DA:133,0
DA:134,0
DA:135,0
DA:136,0
DA:137,0
DA:138,0
DA:142,0
DA:143,0
DA:145,0
DA:147,0
DA:151,0
DA:152,0
DA:154,0
DA:155,0
DA:158,0
DA:160,0
DA:161,0
DA:162,0
DA:166,0
DA:167,0
DA:168,0
DA:169,0
DA:170,0
DA:171,0
DA:174,0
DA:175,0
DA:177,0
DA:178,0
DA:179,0
DA:181,0
DA:182,0
DA:189,3
DA:190,0
DA:192,0
DA:194,0
DA:198,0
DA:199,0
DA:201,0
DA:204,0
DA:205,0
DA:208,0
DA:209,0
DA:210,0
DA:211,0
DA:212,0
DA:215,0
DA:216,0
DA:218,0
DA:219,0
LF:106
LH:6
BRDA:21,0,0,0
BRDA:21,0,1,0
BRDA:44,1,0,0
BRDA:44,1,1,0
BRDA:50,2,0,0
BRDA:50,2,1,0
BRDA:66,3,0,0
BRDA:66,3,1,0
BRDA:66,4,0,0
BRDA:66,4,1,0
BRDA:70,5,0,0
BRDA:70,5,1,0
BRDA:74,6,0,0
BRDA:74,6,1,0
BRDA:75,7,0,0
BRDA:75,7,1,0
BRDA:79,8,0,0
BRDA:79,8,1,0
BRDA:88,9,0,0
BRDA:88,9,1,0
BRDA:126,10,0,0
BRDA:126,10,1,0
BRDA:132,11,0,0
BRDA:132,11,1,0
BRDA:133,12,0,0
BRDA:133,12,1,0
BRDA:135,13,0,0
BRDA:135,13,1,0
BRDA:137,14,0,0
BRDA:137,14,1,0
BRDA:137,15,0,0
BRDA:137,15,1,0
BRDA:145,16,0,0
BRDA:145,16,1,0
BRDA:151,17,0,0
BRDA:151,17,1,0
BRDA:158,18,0,0
BRDA:158,18,1,0
BRDA:166,19,0,0
BRDA:166,19,1,0
BRDA:166,20,0,0
BRDA:166,20,1,0
BRDA:168,21,0,0
BRDA:168,21,1,0
BRDA:174,22,0,0
BRDA:174,22,1,0
BRDA:198,23,0,0
BRDA:198,23,1,0
BRDA:204,24,0,0
BRDA:204,24,1,0
BRDA:208,25,0,0
BRDA:208,25,1,0
BRDA:209,26,0,0
BRDA:209,26,1,0
BRDA:211,27,0,0
BRDA:211,27,1,0
BRF:56
BRH:0
end_of_record
TN:
SF:src\middleware\auth.middleware.js
FN:6,(anonymous_0)
FN:21,(anonymous_1)
FN:27,(anonymous_2)
FN:33,(anonymous_3)
FNF:4
FNH:4
FNDA:46,(anonymous_0)
FNDA:19,(anonymous_1)
FNDA:4,(anonymous_2)
FNDA:14,(anonymous_3)
DA:4,3
DA:6,3
DA:7,46
DA:8,46
DA:10,46
DA:11,12
DA:13,34
DA:14,34
DA:15,33
DA:17,1
DA:21,3
DA:22,19
DA:23,5
DA:24,14
DA:27,3
DA:28,4
DA:29,1
DA:30,3
DA:33,3
DA:34,14
DA:35,2
DA:37,12
DA:39,14
LF:23
LH:23
BRDA:4,0,0,3
BRDA:4,0,1,3
BRDA:8,1,0,46
BRDA:8,1,1,34
BRDA:10,2,0,12
BRDA:10,2,1,34
BRDA:22,3,0,5
BRDA:22,3,1,14
BRDA:28,4,0,1
BRDA:28,4,1,3
BRDA:34,5,0,2
BRDA:34,5,1,12
BRDA:35,6,0,0
BRDA:35,6,1,2
BRF:14
BRH:13
end_of_record
TN:
SF:src\routes\auth.routes.js
FNF:0
FNH:0
DA:6,3
DA:8,3
DA:9,3
LF:3
LH:3
BRF:0
BRH:0
end_of_record
TN:
SF:src\routes\empresa.routes.js
FNF:0
FNH:0
DA:6,3
DA:8,3
DA:10,3
DA:11,3
DA:12,3
DA:13,3
DA:14,3
LF:7
LH:7
BRF:0
BRH:0
end_of_record
TN:
SF:src\routes\salidas.routes.js
FNF:0
FNH:0
DA:6,3
DA:8,3
DA:9,3
DA:11,3
DA:12,3
DA:13,3
DA:14,3
DA:15,3
DA:16,3
LF:9
LH:9
BRF:0
BRH:0
end_of_record
TN:
SF:src\routes\sync.routes.js
FNF:0
FNH:0
DA:5,3
DA:9,3
LF:2
LH:2
BRF:0
BRH:0
end_of_record
TN:
SF:src\routes\usuarios.routes.js
FNF:0
FNH:0
DA:6,3
DA:8,3
DA:10,3
DA:11,3
DA:12,3
DA:13,3
DA:14,3
LF:7
LH:7
BRF:0
BRH:0
end_of_record
TN:
SF:src\seeders\datos.seeder.js
FN:34,(anonymous_0)
FN:38,(anonymous_1)
FN:39,(anonymous_2)
FN:43,(anonymous_3)
FN:56,(anonymous_4)
FN:65,datosSeeder
FNF:6
FNH:0
FNDA:0,(anonymous_0)
FNDA:0,(anonymous_1)
FNDA:0,(anonymous_2)
FNDA:0,(anonymous_3)
FNDA:0,(anonymous_4)
FNDA:0,datosSeeder
DA:6,3
DA:34,3
DA:35,0
DA:36,0
DA:37,0
DA:38,0
DA:39,0
DA:43,3
DA:44,0
DA:45,0
DA:46,0
DA:56,3
DA:57,0
DA:58,0
DA:66,0
DA:67,0
DA:68,0
DA:69,0
DA:72,0
DA:73,0
DA:75,0
DA:76,0
DA:80,0
DA:81,0
DA:83,0
DA:84,0
DA:85,0
DA:87,0
DA:88,0
DA:90,0
DA:93,0
LF:31
LH:4
BRDA:43,0,0,0
BRDA:45,1,0,0
BRDA:45,1,1,0
BRDA:56,2,0,0
BRDA:67,3,0,0
BRDA:67,3,1,0
BRF:6
BRH:0
end_of_record
TN:
SF:src\seeders\superadmin.seeder.js
FN:10,superadminSeeder
FNF:1
FNH:0
FNDA:0,superadminSeeder
DA:13,0
DA:18,0
DA:19,0
DA:20,0
DA:25,0
DA:30,0
DA:37,0
LF:7
LH:0
BRDA:18,0,0,0
BRDA:18,0,1,0
BRF:2
BRH:0
end_of_record
